2025-10-25 17:24:48,367 - INFO - [DEBUG COOKIE] Cookie header: None
2025-10-25 17:24:48,400 - INFO - === Koneksi ke database berhasil ===
2025-10-25 17:24:48,738 - INFO - [LOGIN DEBUG] Session keys=['access_token', 'user_id']
2025-10-25 17:24:48,738 - INFO - [AFTER RESPONSE] Set-Cookie=None
2025-10-25 17:24:48,739 - INFO - 127.0.0.1 - - [25/Oct/2025 17:24:48] "POST /api/auth/login HTTP/1.1" 200 -
2025-10-25 17:24:49,279 - INFO - [DEBUG COOKIE] Cookie header: session=.eJwVyt0SQkAYANB32euY1KZy14h8ip1QuDJaPy2FaTO0Te9eXZ_zRimlOefJs63zBmkof9nXy44ywmw4CVBcBhwab0F1UKHuorNur-VfElkIjFQGh_sZ_9EJ6MwJHEyCGBN9YGloTqFqR1fEoyPKOdmWuDjKJtaLldT7obrn9bBsNrdByrqx9rrOiozIT1XzICxs--0JTVDP80fCMqQpny8w2zjI.aPylcA.KhOU9RZ2FMmXiQy98DCROikXzgA
2025-10-25 17:24:49,280 - INFO - [AFTER RESPONSE] Set-Cookie=None
2025-10-25 17:24:49,281 - INFO - 127.0.0.1 - - [25/Oct/2025 17:24:49] "[32mGET / HTTP/1.1[0m" 302 -
2025-10-25 17:24:49,285 - INFO - [DEBUG COOKIE] Cookie header: None
2025-10-25 17:24:49,286 - INFO - [AFTER RESPONSE] Set-Cookie=None
2025-10-25 17:24:49,287 - INFO - 127.0.0.1 - - [25/Oct/2025 17:24:49] "GET /login HTTP/1.1" 200 -
2025-10-25 17:24:49,356 - INFO - [DEBUG COOKIE] Cookie header: None
2025-10-25 17:24:49,357 - INFO - [AFTER RESPONSE] Set-Cookie=None
2025-10-25 17:24:49,358 - INFO - 127.0.0.1 - - [25/Oct/2025 17:24:49] "[33mGET /.well-known/appspecific/com.chrome.devtools.json HTTP/1.1[0m" 404 -
2025-10-25 17:27:01,255 - INFO - Secret Key untuk session berhasil diatur.
2025-10-25 17:27:01,264 - INFO - Adding job tentatively -- it will be properly scheduled when the scheduler starts
2025-10-25 17:27:01,264 - INFO - Added job "run_scraper_and_save" to job store "default"
2025-10-25 17:27:01,264 - INFO - Scheduler started
2025-10-25 17:27:01,265 - INFO - 
Scheduler jadwal telah dimulai. Akan berjalan setiap hari jam 05:00 pagi.
2025-10-25 17:27:01,265 - INFO - Aplikasi web Flask siap di http://0.0.0.0:5000

2025-10-25 17:27:01,275 - INFO - [31m[1mWARNING: This is a development server. Do not use it in a production deployment. Use a production WSGI server instead.[0m
 * Running on http://127.0.0.1:5000
2025-10-25 17:27:01,275 - INFO - [33mPress CTRL+C to quit[0m
2025-10-25 17:27:10,913 - INFO - [DEBUG COOKIE] Cookie header: None
2025-10-25 17:27:11,153 - INFO - === Koneksi ke database berhasil ===
2025-10-25 17:27:11,460 - INFO - [LOGIN DEBUG] Session keys=['access_token', 'user_id']
2025-10-25 17:27:11,461 - INFO - [AFTER RESPONSE] Set-Cookie=None
2025-10-25 17:27:11,462 - INFO - 127.0.0.1 - - [25/Oct/2025 17:27:11] "POST /api/auth/login HTTP/1.1" 200 -
2025-10-25 17:27:12,278 - INFO - [DEBUG COOKIE] Cookie header: session=.eJwVyt0OwTAYANB36TULUoI7bOSrfBpUmZtm62qrxW8tpuLdcX3OmyRaG-fU41KaMxkS82JFOtOWWwYbD-2FBQfnVVdPoAfldScnbBD8ks-2YPkxcnCS9I8odAcFUi5yj-unTbbTFhwv9cLHNfqcYoj1YRnQNCzGfXq7eTMe-GUZ5SOK-7l67GLXElyKqtKyqeyVAWmQypm7shkZtj9fXNw5aw.aPyl_w.oVT6wrv6d2Y4KcrqEcXqyuhkfpc
2025-10-25 17:27:12,279 - INFO - [GUARD DEBUG] Invalid token
2025-10-25 17:27:12,280 - INFO - [AFTER RESPONSE] Set-Cookie=None
2025-10-25 17:27:12,281 - INFO - 127.0.0.1 - - [25/Oct/2025 17:27:12] "[32mGET / HTTP/1.1[0m" 302 -
2025-10-25 17:27:12,286 - INFO - [DEBUG COOKIE] Cookie header: None
2025-10-25 17:27:12,289 - INFO - [AFTER RESPONSE] Set-Cookie=None
2025-10-25 17:27:12,290 - INFO - 127.0.0.1 - - [25/Oct/2025 17:27:12] "GET /login HTTP/1.1" 200 -
2025-10-25 17:27:12,364 - INFO - [DEBUG COOKIE] Cookie header: None
2025-10-25 17:27:12,365 - INFO - [AFTER RESPONSE] Set-Cookie=None
2025-10-25 17:27:12,366 - INFO - 127.0.0.1 - - [25/Oct/2025 17:27:12] "[33mGET /.well-known/appspecific/com.chrome.devtools.json HTTP/1.1[0m" 404 -
2025-10-25 17:31:56,162 - INFO - Secret Key untuk session berhasil diatur.
2025-10-25 17:31:56,168 - INFO - Adding job tentatively -- it will be properly scheduled when the scheduler starts
2025-10-25 17:31:56,168 - INFO - Added job "run_scraper_and_save" to job store "default"
2025-10-25 17:31:56,169 - INFO - Scheduler started
2025-10-25 17:31:56,170 - INFO - 
Scheduler jadwal telah dimulai. Akan berjalan setiap hari jam 05:00 pagi.
2025-10-25 17:31:56,171 - INFO - Aplikasi web Flask siap di http://0.0.0.0:5000

2025-10-25 17:31:56,177 - INFO - [31m[1mWARNING: This is a development server. Do not use it in a production deployment. Use a production WSGI server instead.[0m
 * Running on http://127.0.0.1:5000
2025-10-25 17:31:56,177 - INFO - [33mPress CTRL+C to quit[0m
2025-10-25 17:31:58,195 - INFO - [DEBUG COOKIE] Cookie header: None
2025-10-25 17:31:58,197 - INFO - [AFTER RESPONSE] Set-Cookie=None
2025-10-25 17:31:58,198 - INFO - 127.0.0.1 - - [25/Oct/2025 17:31:58] "GET /login HTTP/1.1" 200 -
2025-10-25 17:31:58,223 - INFO - [DEBUG COOKIE] Cookie header: None
2025-10-25 17:31:58,224 - INFO - [AFTER RESPONSE] Set-Cookie=None
2025-10-25 17:31:58,224 - INFO - 127.0.0.1 - - [25/Oct/2025 17:31:58] "[33mGET /.well-known/appspecific/com.chrome.devtools.json HTTP/1.1[0m" 404 -
2025-10-25 17:32:10,984 - INFO - [DEBUG COOKIE] Cookie header: None
2025-10-25 17:32:11,283 - INFO - === Koneksi ke database berhasil ===
2025-10-25 17:32:11,660 - INFO - [LOGIN DEBUG] Session keys=['access_token', 'user_id']
2025-10-25 17:32:11,661 - INFO - [AFTER RESPONSE] Set-Cookie=None
2025-10-25 17:32:11,662 - INFO - 127.0.0.1 - - [25/Oct/2025 17:32:11] "POST /api/auth/login HTTP/1.1" 200 -
2025-10-25 17:32:11,975 - INFO - [DEBUG COOKIE] Cookie header: session=.eJwVyt0SgUAYANB32WtMKKNuifma-foTW26abKu2RmE11hrvjutz3qRgjEuZP_qWd8Qh_OXVpy0TgfBgr2HqC5DQxRZbwQLaa3pYefbkl3RJQQSNK-FyMP-ICZthghauXY27pyjoxoCmV77OFOrKRI3qHE3mdp6FnsIyAtH55jIMzdrIUlrTJc_HaXOkwy1OxiraVGREBsnvuSiJM_18AUcuOPo.aPynKw.p0mHRMOyf2nCWVBHzp3ZUXZPw4U
2025-10-25 17:32:11,976 - INFO - [GUARD DEBUG] Invalid token
2025-10-25 17:32:11,976 - INFO - [AFTER RESPONSE] Set-Cookie=None
2025-10-25 17:32:11,977 - INFO - 127.0.0.1 - - [25/Oct/2025 17:32:11] "[32mGET / HTTP/1.1[0m" 302 -
2025-10-25 17:32:11,980 - INFO - [DEBUG COOKIE] Cookie header: None
2025-10-25 17:32:11,981 - INFO - [AFTER RESPONSE] Set-Cookie=None
2025-10-25 17:32:11,981 - INFO - 127.0.0.1 - - [25/Oct/2025 17:32:11] "GET /login HTTP/1.1" 200 -
2025-10-25 17:32:12,013 - INFO - [DEBUG COOKIE] Cookie header: None
2025-10-25 17:32:12,013 - INFO - [AFTER RESPONSE] Set-Cookie=None
2025-10-25 17:32:12,014 - INFO - 127.0.0.1 - - [25/Oct/2025 17:32:12] "[33mGET /.well-known/appspecific/com.chrome.devtools.json HTTP/1.1[0m" 404 -
2025-10-25 17:36:26,053 - INFO - Secret Key untuk session berhasil diatur.
2025-10-25 17:36:26,059 - INFO - Adding job tentatively -- it will be properly scheduled when the scheduler starts
2025-10-25 17:36:26,059 - INFO - Added job "run_scraper_and_save" to job store "default"
2025-10-25 17:36:26,060 - INFO - Scheduler started
2025-10-25 17:36:26,061 - INFO - 
Scheduler jadwal telah dimulai. Akan berjalan setiap hari jam 05:00 pagi.
2025-10-25 17:36:26,061 - INFO - Aplikasi web Flask siap di http://0.0.0.0:5000

2025-10-25 17:36:26,067 - INFO - [31m[1mWARNING: This is a development server. Do not use it in a production deployment. Use a production WSGI server instead.[0m
 * Running on http://127.0.0.1:5000
2025-10-25 17:36:26,067 - INFO - [33mPress CTRL+C to quit[0m
2025-10-25 17:36:28,128 - INFO - [DEBUG COOKIE] Cookie header: None
2025-10-25 17:36:28,131 - INFO - [AFTER RESPONSE] Set-Cookie=None
2025-10-25 17:36:28,131 - INFO - 127.0.0.1 - - [25/Oct/2025 17:36:28] "GET /login HTTP/1.1" 200 -
2025-10-25 17:36:28,156 - INFO - [DEBUG COOKIE] Cookie header: None
2025-10-25 17:36:28,156 - INFO - [AFTER RESPONSE] Set-Cookie=None
2025-10-25 17:36:28,157 - INFO - 127.0.0.1 - - [25/Oct/2025 17:36:28] "[33mGET /.well-known/appspecific/com.chrome.devtools.json HTTP/1.1[0m" 404 -
2025-10-25 17:36:39,862 - INFO - [DEBUG COOKIE] Cookie header: None
2025-10-25 17:36:40,144 - INFO - === Koneksi ke database berhasil ===
2025-10-25 17:36:40,501 - INFO - [AUTH_API] Using SECRET_KEY hash=3305775717341755043
2025-10-25 17:36:40,514 - INFO - [LOGIN DEBUG] Session keys=['access_token', 'user_id']
2025-10-25 17:36:40,515 - INFO - [AFTER RESPONSE] Set-Cookie=None
2025-10-25 17:36:40,517 - INFO - 127.0.0.1 - - [25/Oct/2025 17:36:40] "POST /api/auth/login HTTP/1.1" 200 -
2025-10-25 17:36:41,275 - INFO - [DEBUG COOKIE] Cookie header: session=.eJwVytESgUAUANB_2WeMKENvlHQzW5Mh5cXUWtyisLG1xr_j-Zw3SRnjQuzrquAlMQlvvXO2YBigBxsFmo8goFwZzIIRFLc4srxJ75fUYQsY5HMB10j_I12zAV1Tg9qhpJbEdOv0Ia8aXyUNVSfdz6fyGPYMFdZaKr3sHi5b91K5r-Ft1WLj2F29DMr75Dwbxwju7pWQDnkK_tjjgZja5wtq-jnD.aPyoOA.l4-vkPk2Tf-IJGftRj4HKfRN2dM
2025-10-25 17:36:41,276 - INFO - [GUARD DEBUG] Invalid token
2025-10-25 17:36:41,276 - INFO - [AFTER RESPONSE] Set-Cookie=None
2025-10-25 17:36:41,277 - INFO - 127.0.0.1 - - [25/Oct/2025 17:36:41] "[32mGET / HTTP/1.1[0m" 302 -
2025-10-25 17:36:41,282 - INFO - [DEBUG COOKIE] Cookie header: None
2025-10-25 17:36:41,283 - INFO - [AFTER RESPONSE] Set-Cookie=None
2025-10-25 17:36:41,283 - INFO - 127.0.0.1 - - [25/Oct/2025 17:36:41] "GET /login HTTP/1.1" 200 -
2025-10-25 17:36:41,354 - INFO - [DEBUG COOKIE] Cookie header: None
2025-10-25 17:36:41,355 - INFO - [AFTER RESPONSE] Set-Cookie=None
2025-10-25 17:36:41,355 - INFO - 127.0.0.1 - - [25/Oct/2025 17:36:41] "[33mGET /.well-known/appspecific/com.chrome.devtools.json HTTP/1.1[0m" 404 -
2025-10-25 17:38:19,064 - INFO - Secret Key untuk session berhasil diatur.
2025-10-25 17:38:19,070 - INFO - Adding job tentatively -- it will be properly scheduled when the scheduler starts
2025-10-25 17:38:19,070 - INFO - Added job "run_scraper_and_save" to job store "default"
2025-10-25 17:38:19,070 - INFO - Scheduler started
2025-10-25 17:38:19,071 - INFO - 
Scheduler jadwal telah dimulai. Akan berjalan setiap hari jam 05:00 pagi.
2025-10-25 17:38:19,071 - INFO - Aplikasi web Flask siap di http://0.0.0.0:5000

2025-10-25 17:38:19,077 - INFO - [31m[1mWARNING: This is a development server. Do not use it in a production deployment. Use a production WSGI server instead.[0m
 * Running on http://127.0.0.1:5000
2025-10-25 17:38:19,077 - INFO - [33mPress CTRL+C to quit[0m
2025-10-25 17:38:32,808 - INFO - [DEBUG COOKIE] Cookie header: None
2025-10-25 17:38:33,127 - INFO - === Koneksi ke database berhasil ===
2025-10-25 17:38:33,584 - INFO - [AUTH_API] Using SECRET_KEY hash=-4998822196585397541
2025-10-25 17:38:33,599 - INFO - [LOGIN DEBUG] Session keys=['access_token', 'user_id']
2025-10-25 17:38:33,599 - INFO - [AFTER RESPONSE] Set-Cookie=None
2025-10-25 17:38:33,601 - INFO - 127.0.0.1 - - [25/Oct/2025 17:38:33] "POST /api/auth/login HTTP/1.1" 200 -
2025-10-25 17:38:34,272 - INFO - [DEBUG COOKIE] Cookie header: session=.eJwVyksOgjAUAMC7dK1EFAy4VcRXLEbCR1YESsVCBLU2lhrvrq5n3qiklAlRPIeO9WiF2IgvlU_5gWNINJghBwF9ZNM1LKG7ndI1do1f0nUG_NB6Aq6p9UcS0zmJiU02iSLji5fZdgbtoEKdK6IbK9SePh-NoL8HqVP4cj8-XHzDLiZmXikpyW5RyCmrmzpXTuJFHNAEScEeBa_Ryvx8AXWqOc0.aPyoqQ.LfkHhsexXbvKaj46F-k_UyyMUkk
2025-10-25 17:38:34,273 - INFO - [GUARD DEBUG] Invalid token
2025-10-25 17:38:34,273 - INFO - [AFTER RESPONSE] Set-Cookie=None
2025-10-25 17:38:34,273 - INFO - 127.0.0.1 - - [25/Oct/2025 17:38:34] "[32mGET / HTTP/1.1[0m" 302 -
2025-10-25 17:38:34,277 - INFO - [DEBUG COOKIE] Cookie header: None
2025-10-25 17:38:34,282 - INFO - [AFTER RESPONSE] Set-Cookie=None
2025-10-25 17:38:34,282 - INFO - 127.0.0.1 - - [25/Oct/2025 17:38:34] "GET /login HTTP/1.1" 200 -
2025-10-25 17:38:34,348 - INFO - [DEBUG COOKIE] Cookie header: None
2025-10-25 17:38:34,349 - INFO - [AFTER RESPONSE] Set-Cookie=None
2025-10-25 17:38:34,349 - INFO - 127.0.0.1 - - [25/Oct/2025 17:38:34] "[33mGET /.well-known/appspecific/com.chrome.devtools.json HTTP/1.1[0m" 404 -
2025-10-25 17:39:02,073 - INFO - Secret Key untuk session berhasil diatur.
2025-10-25 17:39:02,078 - INFO - Adding job tentatively -- it will be properly scheduled when the scheduler starts
2025-10-25 17:39:02,079 - INFO - Added job "run_scraper_and_save" to job store "default"
2025-10-25 17:39:02,079 - INFO - Scheduler started
2025-10-25 17:39:02,080 - INFO - 
Scheduler jadwal telah dimulai. Akan berjalan setiap hari jam 05:00 pagi.
2025-10-25 17:39:02,081 - INFO - Aplikasi web Flask siap di http://0.0.0.0:5000

2025-10-25 17:39:02,087 - INFO - [31m[1mWARNING: This is a development server. Do not use it in a production deployment. Use a production WSGI server instead.[0m
 * Running on http://127.0.0.1:5000
2025-10-25 17:39:02,087 - INFO - [33mPress CTRL+C to quit[0m
2025-10-25 17:39:06,426 - INFO - Secret Key untuk session berhasil diatur.
2025-10-25 17:39:06,432 - INFO - Adding job tentatively -- it will be properly scheduled when the scheduler starts
2025-10-25 17:39:06,432 - INFO - Added job "run_scraper_and_save" to job store "default"
2025-10-25 17:39:06,432 - INFO - Scheduler started
2025-10-25 17:39:06,434 - INFO - 
Scheduler jadwal telah dimulai. Akan berjalan setiap hari jam 05:00 pagi.
2025-10-25 17:39:06,434 - INFO - Aplikasi web Flask siap di http://0.0.0.0:5000

2025-10-25 17:39:06,451 - INFO - [31m[1mWARNING: This is a development server. Do not use it in a production deployment. Use a production WSGI server instead.[0m
 * Running on all addresses (0.0.0.0)
 * Running on http://127.0.0.1:5000
 * Running on http://172.16.2.148:5000
2025-10-25 17:39:06,452 - INFO - [33mPress CTRL+C to quit[0m
2025-10-25 17:39:06,453 - INFO -  * Restarting with stat
2025-10-25 17:39:07,246 - INFO - Secret Key untuk session berhasil diatur.
2025-10-25 17:39:07,251 - INFO - Adding job tentatively -- it will be properly scheduled when the scheduler starts
2025-10-25 17:39:07,252 - INFO - Added job "run_scraper_and_save" to job store "default"
2025-10-25 17:39:07,252 - INFO - Scheduler started
2025-10-25 17:39:07,253 - INFO - 
Scheduler jadwal telah dimulai. Akan berjalan setiap hari jam 05:00 pagi.
2025-10-25 17:39:07,253 - INFO - Aplikasi web Flask siap di http://0.0.0.0:5000

2025-10-25 17:39:07,260 - WARNING -  * Debugger is active!
2025-10-25 17:39:07,265 - INFO -  * Debugger PIN: 288-901-657
2025-10-25 17:39:07,273 - INFO - [DEBUG COOKIE] Cookie header: None
2025-10-25 17:39:07,275 - INFO - [AFTER RESPONSE] Set-Cookie=None
2025-10-25 17:39:07,276 - INFO - 127.0.0.1 - - [25/Oct/2025 17:39:07] "GET /login HTTP/1.1" 200 -
2025-10-25 17:39:07,301 - INFO - [DEBUG COOKIE] Cookie header: None
2025-10-25 17:39:07,301 - INFO - [AFTER RESPONSE] Set-Cookie=None
2025-10-25 17:39:07,302 - INFO - 127.0.0.1 - - [25/Oct/2025 17:39:07] "[33mGET /.well-known/appspecific/com.chrome.devtools.json HTTP/1.1[0m" 404 -
2025-10-25 17:39:18,960 - INFO - [DEBUG COOKIE] Cookie header: None
2025-10-25 17:39:19,096 - INFO - === Koneksi ke database berhasil ===
2025-10-25 17:39:19,324 - INFO - [AUTH_API] Using SECRET_KEY hash=7980393411598459935
2025-10-25 17:39:19,338 - INFO - [LOGIN DEBUG] Session keys=['access_token', 'user_id']
2025-10-25 17:39:19,338 - INFO - [AFTER RESPONSE] Set-Cookie=None
2025-10-25 17:39:19,339 - INFO - 127.0.0.1 - - [25/Oct/2025 17:39:19] "POST /api/auth/login HTTP/1.1" 200 -
2025-10-25 17:39:20,280 - INFO - [DEBUG COOKIE] Cookie header: session=.eJwVyt0SgUAYANB32WtMpRjdVVRfY1vSD1dNtmIZRZvUGu-O63PeKKO04Dxt62tRIR0Vg3c-OpQR5kEkQPYZcKgCjVowg-t9H1veYvJLIk-AkcuKwy1W_4hDquAQa3gZyWT3YlliS3Cpe18ceixOqi8irdxO7KGfk6nbghsQc13WykM1Nva4SY6BkXWO2XqVLHVSZ4YSGqEnL5qU5UiXP18iwjgi.aPyo1w.gJy7wJ5VQYD3c5CpLS2XSUd_TDo
2025-10-25 17:39:20,281 - INFO - [GUARD DEBUG] Invalid token
2025-10-25 17:39:20,281 - INFO - [AFTER RESPONSE] Set-Cookie=None
2025-10-25 17:39:20,281 - INFO - 127.0.0.1 - - [25/Oct/2025 17:39:20] "[32mGET / HTTP/1.1[0m" 302 -
2025-10-25 17:39:20,285 - INFO - [DEBUG COOKIE] Cookie header: None
2025-10-25 17:39:20,285 - INFO - [AFTER RESPONSE] Set-Cookie=None
2025-10-25 17:39:20,286 - INFO - 127.0.0.1 - - [25/Oct/2025 17:39:20] "GET /login HTTP/1.1" 200 -
2025-10-25 17:39:20,359 - INFO - [DEBUG COOKIE] Cookie header: None
2025-10-25 17:39:20,360 - INFO - [AFTER RESPONSE] Set-Cookie=None
2025-10-25 17:39:20,360 - INFO - 127.0.0.1 - - [25/Oct/2025 17:39:20] "[33mGET /.well-known/appspecific/com.chrome.devtools.json HTTP/1.1[0m" 404 -
2025-10-25 17:41:16,035 - INFO -  * Detected change in 'D:\\Github\\scrapSicyca\\models\\auth_api.py', reloading
2025-10-25 17:41:16,205 - INFO -  * Restarting with stat
2025-10-25 17:41:17,086 - INFO - Secret Key untuk session berhasil diatur.
2025-10-25 17:41:17,092 - INFO - Adding job tentatively -- it will be properly scheduled when the scheduler starts
2025-10-25 17:41:17,092 - INFO - Added job "run_scraper_and_save" to job store "default"
2025-10-25 17:41:17,093 - INFO - Scheduler started
2025-10-25 17:41:17,094 - INFO - 
Scheduler jadwal telah dimulai. Akan berjalan setiap hari jam 05:00 pagi.
2025-10-25 17:41:17,094 - INFO - Aplikasi web Flask siap di http://0.0.0.0:5000

2025-10-25 17:41:17,101 - WARNING -  * Debugger is active!
2025-10-25 17:41:17,106 - INFO -  * Debugger PIN: 288-901-657
2025-10-25 17:41:33,170 - INFO -  * Detected change in 'D:\\Github\\scrapSicyca\\models\\auth_api.py', reloading
2025-10-25 17:41:33,390 - INFO -  * Restarting with stat
2025-10-25 17:41:34,540 - INFO - Secret Key untuk session berhasil diatur.
2025-10-25 17:41:34,547 - INFO - Adding job tentatively -- it will be properly scheduled when the scheduler starts
2025-10-25 17:41:34,548 - INFO - Added job "run_scraper_and_save" to job store "default"
2025-10-25 17:41:34,548 - INFO - Scheduler started
2025-10-25 17:41:34,551 - INFO - 
Scheduler jadwal telah dimulai. Akan berjalan setiap hari jam 05:00 pagi.
2025-10-25 17:41:34,551 - INFO - Aplikasi web Flask siap di http://0.0.0.0:5000

2025-10-25 17:41:34,563 - WARNING -  * Debugger is active!
2025-10-25 17:41:34,568 - INFO -  * Debugger PIN: 288-901-657
2025-10-25 17:41:35,579 - INFO -  * Detected change in 'D:\\Github\\scrapSicyca\\models\\auth_api.py', reloading
2025-10-25 17:41:35,688 - INFO -  * Restarting with stat
2025-10-25 17:41:36,551 - INFO - Secret Key untuk session berhasil diatur.
2025-10-25 17:41:36,557 - INFO - Adding job tentatively -- it will be properly scheduled when the scheduler starts
2025-10-25 17:41:36,557 - INFO - Added job "run_scraper_and_save" to job store "default"
2025-10-25 17:41:36,558 - INFO - Scheduler started
2025-10-25 17:41:36,559 - INFO - 
Scheduler jadwal telah dimulai. Akan berjalan setiap hari jam 05:00 pagi.
2025-10-25 17:41:36,559 - INFO - Aplikasi web Flask siap di http://0.0.0.0:5000

2025-10-25 17:41:36,565 - WARNING -  * Debugger is active!
2025-10-25 17:41:36,570 - INFO -  * Debugger PIN: 288-901-657
2025-10-25 17:41:41,105 - INFO - Secret Key untuk session berhasil diatur.
2025-10-25 17:41:41,112 - INFO - Adding job tentatively -- it will be properly scheduled when the scheduler starts
2025-10-25 17:41:41,112 - INFO - Added job "run_scraper_and_save" to job store "default"
2025-10-25 17:41:41,113 - INFO - Scheduler started
2025-10-25 17:41:41,113 - INFO - 
Scheduler jadwal telah dimulai. Akan berjalan setiap hari jam 05:00 pagi.
2025-10-25 17:41:41,114 - INFO - Aplikasi web Flask siap di http://0.0.0.0:5000

2025-10-25 17:41:41,129 - INFO - [31m[1mWARNING: This is a development server. Do not use it in a production deployment. Use a production WSGI server instead.[0m
 * Running on all addresses (0.0.0.0)
 * Running on http://127.0.0.1:5000
 * Running on http://172.16.2.148:5000
2025-10-25 17:41:41,130 - INFO - [33mPress CTRL+C to quit[0m
2025-10-25 17:41:41,133 - INFO -  * Restarting with stat
2025-10-25 17:41:41,920 - INFO - Secret Key untuk session berhasil diatur.
2025-10-25 17:41:41,926 - INFO - Adding job tentatively -- it will be properly scheduled when the scheduler starts
2025-10-25 17:41:41,926 - INFO - Added job "run_scraper_and_save" to job store "default"
2025-10-25 17:41:41,926 - INFO - Scheduler started
2025-10-25 17:41:41,928 - INFO - 
Scheduler jadwal telah dimulai. Akan berjalan setiap hari jam 05:00 pagi.
2025-10-25 17:41:41,928 - INFO - Aplikasi web Flask siap di http://0.0.0.0:5000

2025-10-25 17:41:41,934 - WARNING -  * Debugger is active!
2025-10-25 17:41:41,940 - INFO -  * Debugger PIN: 288-901-657
2025-10-25 17:41:52,791 - INFO - [DEBUG COOKIE] Cookie header: None
2025-10-25 17:41:53,096 - INFO - === Koneksi ke database berhasil ===
2025-10-25 17:41:53,500 - INFO - [AUTH_API] Generated access token for user 1
2025-10-25 17:41:53,512 - INFO - [LOGIN DEBUG] Session keys=['access_token', 'user_id']
2025-10-25 17:41:53,513 - INFO - [AFTER RESPONSE] Set-Cookie=None
2025-10-25 17:41:53,516 - INFO - 127.0.0.1 - - [25/Oct/2025 17:41:53] "POST /api/auth/login HTTP/1.1" 200 -
2025-10-25 17:41:53,827 - INFO - [DEBUG COOKIE] Cookie header: session=.eJwNyt0KgjAYANB32XUI9qPpXZnIJ8xlmFk3otNwzj9cpVv07nl9zhdllJZCpK-elx2yUSn9KvcoI8yHqwI9YCCgu-yoAwbwIYkd39KWpIobMFK7AtqmKhbEEV3jCG_Jic9YTuyRVBPU_Ryo-4wVnwLlqmeoSSdpQ490NOs2IvD3xdHMY4vrnifDc2U04UH2Q2aO5MPRCr1FOaasQLb--wPHCDrj.aPypcQ.ZanyoNLk9e5RJSvNv57qZ0c9hzs
2025-10-25 17:41:53,828 - INFO - [GUARD DEBUG] Invalid token
2025-10-25 17:41:53,829 - INFO - [AFTER RESPONSE] Set-Cookie=None
2025-10-25 17:41:53,830 - INFO - 127.0.0.1 - - [25/Oct/2025 17:41:53] "[32mGET / HTTP/1.1[0m" 302 -
2025-10-25 17:41:53,835 - INFO - [DEBUG COOKIE] Cookie header: None
2025-10-25 17:41:53,843 - INFO - [AFTER RESPONSE] Set-Cookie=None
2025-10-25 17:41:53,844 - INFO - 127.0.0.1 - - [25/Oct/2025 17:41:53] "GET /login HTTP/1.1" 200 -
2025-10-25 17:41:53,890 - INFO - [DEBUG COOKIE] Cookie header: None
2025-10-25 17:41:53,891 - INFO - [AFTER RESPONSE] Set-Cookie=None
2025-10-25 17:41:53,892 - INFO - 127.0.0.1 - - [25/Oct/2025 17:41:53] "[33mGET /.well-known/appspecific/com.chrome.devtools.json HTTP/1.1[0m" 404 -
2025-10-25 17:43:50,604 - INFO -  * Detected change in 'D:\\Github\\scrapSicyca\\models\\auth_api.py', reloading
2025-10-25 17:43:50,890 - INFO -  * Restarting with stat
2025-10-25 17:43:51,880 - INFO - Secret Key untuk session berhasil diatur.
2025-10-25 17:43:51,891 - INFO - Adding job tentatively -- it will be properly scheduled when the scheduler starts
2025-10-25 17:43:51,892 - INFO - Added job "run_scraper_and_save" to job store "default"
2025-10-25 17:43:51,892 - INFO - Scheduler started
2025-10-25 17:43:51,897 - INFO - 
Scheduler jadwal telah dimulai. Akan berjalan setiap hari jam 05:00 pagi.
2025-10-25 17:43:51,898 - INFO - Aplikasi web Flask siap di http://0.0.0.0:5000

2025-10-25 17:43:51,913 - WARNING -  * Debugger is active!
2025-10-25 17:43:51,919 - INFO -  * Debugger PIN: 288-901-657
2025-10-25 17:44:23,037 - INFO -  * Detected change in 'D:\\Github\\scrapSicyca\\middleware\\auth_quard.py', reloading
2025-10-25 17:44:23,152 - INFO -  * Restarting with stat
2025-10-25 17:44:24,007 - INFO - Secret Key untuk session berhasil diatur.
2025-10-25 17:44:24,013 - INFO - Adding job tentatively -- it will be properly scheduled when the scheduler starts
2025-10-25 17:44:24,014 - INFO - Added job "run_scraper_and_save" to job store "default"
2025-10-25 17:44:24,014 - INFO - Scheduler started
2025-10-25 17:44:24,015 - INFO - 
Scheduler jadwal telah dimulai. Akan berjalan setiap hari jam 05:00 pagi.
2025-10-25 17:44:24,015 - INFO - Aplikasi web Flask siap di http://0.0.0.0:5000

2025-10-25 17:44:24,022 - WARNING -  * Debugger is active!
2025-10-25 17:44:24,027 - INFO -  * Debugger PIN: 288-901-657
2025-10-25 17:44:27,043 - INFO -  * Detected change in 'D:\\Github\\scrapSicyca\\middleware\\auth_quard.py', reloading
2025-10-25 17:44:27,163 - INFO -  * Restarting with stat
2025-10-25 17:44:28,041 - INFO - Secret Key untuk session berhasil diatur.
2025-10-25 17:44:28,048 - INFO - Adding job tentatively -- it will be properly scheduled when the scheduler starts
2025-10-25 17:44:28,048 - INFO - Added job "run_scraper_and_save" to job store "default"
2025-10-25 17:44:28,048 - INFO - Scheduler started
2025-10-25 17:44:28,049 - INFO - 
Scheduler jadwal telah dimulai. Akan berjalan setiap hari jam 05:00 pagi.
2025-10-25 17:44:28,050 - INFO - Aplikasi web Flask siap di http://0.0.0.0:5000

2025-10-25 17:44:28,056 - WARNING -  * Debugger is active!
2025-10-25 17:44:28,061 - INFO -  * Debugger PIN: 288-901-657
2025-10-25 17:44:32,239 - INFO - Secret Key untuk session berhasil diatur.
2025-10-25 17:44:32,243 - INFO - Adding job tentatively -- it will be properly scheduled when the scheduler starts
2025-10-25 17:44:32,244 - INFO - Added job "run_scraper_and_save" to job store "default"
2025-10-25 17:44:32,244 - INFO - Scheduler started
2025-10-25 17:44:32,245 - INFO - 
Scheduler jadwal telah dimulai. Akan berjalan setiap hari jam 05:00 pagi.
2025-10-25 17:44:32,245 - INFO - Aplikasi web Flask siap di http://0.0.0.0:5000

2025-10-25 17:44:32,260 - INFO - [31m[1mWARNING: This is a development server. Do not use it in a production deployment. Use a production WSGI server instead.[0m
 * Running on all addresses (0.0.0.0)
 * Running on http://127.0.0.1:5000
 * Running on http://172.16.2.148:5000
2025-10-25 17:44:32,260 - INFO - [33mPress CTRL+C to quit[0m
2025-10-25 17:44:32,261 - INFO -  * Restarting with stat
2025-10-25 17:44:33,064 - INFO - Secret Key untuk session berhasil diatur.
2025-10-25 17:44:33,070 - INFO - Adding job tentatively -- it will be properly scheduled when the scheduler starts
2025-10-25 17:44:33,070 - INFO - Added job "run_scraper_and_save" to job store "default"
2025-10-25 17:44:33,070 - INFO - Scheduler started
2025-10-25 17:44:33,071 - INFO - 
Scheduler jadwal telah dimulai. Akan berjalan setiap hari jam 05:00 pagi.
2025-10-25 17:44:33,071 - INFO - Aplikasi web Flask siap di http://0.0.0.0:5000

2025-10-25 17:44:33,079 - WARNING -  * Debugger is active!
2025-10-25 17:44:33,085 - INFO -  * Debugger PIN: 288-901-657
2025-10-25 17:44:33,619 - INFO - [DEBUG COOKIE] Cookie header: None
2025-10-25 17:44:33,621 - INFO - [AFTER RESPONSE] Set-Cookie=None
2025-10-25 17:44:33,622 - INFO - 127.0.0.1 - - [25/Oct/2025 17:44:33] "GET /login HTTP/1.1" 200 -
2025-10-25 17:44:33,648 - INFO - [DEBUG COOKIE] Cookie header: None
2025-10-25 17:44:33,649 - INFO - [AFTER RESPONSE] Set-Cookie=None
2025-10-25 17:44:33,649 - INFO - 127.0.0.1 - - [25/Oct/2025 17:44:33] "[33mGET /.well-known/appspecific/com.chrome.devtools.json HTTP/1.1[0m" 404 -
2025-10-25 17:44:39,198 - INFO - [DEBUG COOKIE] Cookie header: None
2025-10-25 17:44:39,549 - INFO - === Koneksi ke database berhasil ===
2025-10-25 17:44:39,799 - INFO - [AUTH_API] Generated access token for user 1
2025-10-25 17:44:39,818 - INFO - [LOGIN DEBUG] Session keys=['access_token', 'user_id']
2025-10-25 17:44:39,820 - INFO - [AFTER RESPONSE] Set-Cookie=None
2025-10-25 17:44:39,821 - INFO - 127.0.0.1 - - [25/Oct/2025 17:44:39] "POST /api/auth/login HTTP/1.1" 200 -
2025-10-25 17:44:40,274 - INFO - [DEBUG COOKIE] Cookie header: session=.eJwNyt0OgiAYANB34bq5mVnLO7MfPxuyisy6cYkYSFoLnGbr3ev6nA-6Msa1zsxD8QZ5iL8jkW-YJDKC4wB2LEFDs3dZAFNQzzQJorn1T0NxAkmqlYb6Loo_YsrGmOIJob5DDp28pKKD6tHHw7nHg-rIkrnlzupl0qrcFiZRgrYlmCdfH7dYh0I7_q2mi9BkiTOrqkKjEWo1f2WyQJ79_QGy-zrj.aPyqFw.JxAKuPyowFnXMUJ6qxJiKmxt64I
2025-10-25 17:44:40,275 - INFO - [GUARD DEBUG] Invalid token
2025-10-25 17:44:40,276 - INFO - [AFTER RESPONSE] Set-Cookie=None
2025-10-25 17:44:40,277 - INFO - 127.0.0.1 - - [25/Oct/2025 17:44:40] "[32mGET / HTTP/1.1[0m" 302 -
2025-10-25 17:44:40,282 - INFO - [DEBUG COOKIE] Cookie header: None
2025-10-25 17:44:40,283 - INFO - [AFTER RESPONSE] Set-Cookie=None
2025-10-25 17:44:40,284 - INFO - 127.0.0.1 - - [25/Oct/2025 17:44:40] "GET /login HTTP/1.1" 200 -
2025-10-25 17:44:40,380 - INFO - [DEBUG COOKIE] Cookie header: None
2025-10-25 17:44:40,381 - INFO - [AFTER RESPONSE] Set-Cookie=None
2025-10-25 17:44:40,381 - INFO - 127.0.0.1 - - [25/Oct/2025 17:44:40] "[33mGET /.well-known/appspecific/com.chrome.devtools.json HTTP/1.1[0m" 404 -
2025-10-25 17:45:21,319 - INFO -  * Detected change in 'D:\\Github\\scrapSicyca\\models\\auth_api.py', reloading
2025-10-25 17:45:21,420 - INFO -  * Restarting with stat
2025-10-25 17:45:22,487 - INFO - Secret Key untuk session berhasil diatur.
2025-10-25 17:45:22,493 - INFO - Adding job tentatively -- it will be properly scheduled when the scheduler starts
2025-10-25 17:45:22,498 - INFO - Added job "run_scraper_and_save" to job store "default"
2025-10-25 17:45:22,498 - INFO - Scheduler started
2025-10-25 17:45:22,499 - INFO - 
Scheduler jadwal telah dimulai. Akan berjalan setiap hari jam 05:00 pagi.
2025-10-25 17:45:22,499 - INFO - Aplikasi web Flask siap di http://0.0.0.0:5000

2025-10-25 17:45:22,508 - WARNING -  * Debugger is active!
2025-10-25 17:45:22,513 - INFO -  * Debugger PIN: 288-901-657
2025-10-25 17:45:40,629 - INFO -  * Detected change in 'D:\\Github\\scrapSicyca\\models\\auth_api.py', reloading
2025-10-25 17:45:40,879 - INFO -  * Restarting with stat
2025-10-25 17:45:45,021 - INFO - Secret Key untuk session berhasil diatur.
2025-10-25 17:45:45,026 - INFO - Adding job tentatively -- it will be properly scheduled when the scheduler starts
2025-10-25 17:45:45,026 - INFO - Added job "run_scraper_and_save" to job store "default"
2025-10-25 17:45:45,026 - INFO - Scheduler started
2025-10-25 17:45:45,027 - INFO - 
Scheduler jadwal telah dimulai. Akan berjalan setiap hari jam 05:00 pagi.
2025-10-25 17:45:45,027 - INFO - Aplikasi web Flask siap di http://0.0.0.0:5000

2025-10-25 17:45:45,043 - INFO - [31m[1mWARNING: This is a development server. Do not use it in a production deployment. Use a production WSGI server instead.[0m
 * Running on all addresses (0.0.0.0)
 * Running on http://127.0.0.1:5000
 * Running on http://172.16.2.148:5000
2025-10-25 17:45:45,044 - INFO - [33mPress CTRL+C to quit[0m
2025-10-25 17:45:45,045 - INFO -  * Restarting with stat
2025-10-25 17:45:45,851 - INFO - Secret Key untuk session berhasil diatur.
2025-10-25 17:45:45,859 - INFO - Adding job tentatively -- it will be properly scheduled when the scheduler starts
2025-10-25 17:45:45,859 - INFO - Added job "run_scraper_and_save" to job store "default"
2025-10-25 17:45:45,859 - INFO - Scheduler started
2025-10-25 17:45:45,860 - INFO - 
Scheduler jadwal telah dimulai. Akan berjalan setiap hari jam 05:00 pagi.
2025-10-25 17:45:45,861 - INFO - Aplikasi web Flask siap di http://0.0.0.0:5000

2025-10-25 17:45:45,869 - WARNING -  * Debugger is active!
2025-10-25 17:45:45,875 - INFO -  * Debugger PIN: 288-901-657
2025-10-25 17:45:52,576 - INFO - [DEBUG COOKIE] Cookie header: None
2025-10-25 17:45:52,764 - INFO - === Koneksi ke database berhasil ===
2025-10-25 17:45:52,970 - INFO - [AUTH_API] Generated access token for user 1
2025-10-25 17:45:52,983 - INFO - [LOGIN DEBUG] Session keys=['access_token', 'user_id']
2025-10-25 17:45:52,985 - INFO - [AFTER RESPONSE] Set-Cookie=None
2025-10-25 17:45:52,999 - INFO - 127.0.0.1 - - [25/Oct/2025 17:45:52] "POST /api/auth/login HTTP/1.1" 200 -
2025-10-25 17:45:53,313 - INFO - [DEBUG COOKIE] Cookie header: session=.eJwNyt0KgjAYANB32XVI64_yLkTkE-bIpmk3knPpXKW1TF307nl9zhddOBdaZ-9GiQeykRj9Kve4pNKHyAAOJGh4hGvuwAZUm8SOv7OmZIoTSFq7Gu63qpiQML4gjKwoczGRvTwnVQ91MwQmHYhRPWXReD1YeUdT8tybKl_iVq3en9gPt_hYqvQ0P6xDTY2X1Yzsn16JZqjT4pXJAtn49weiETpG.aPyqYA.iM_v3gKlaFRvWVJ3Zr1JteNlmTs
2025-10-25 17:45:53,313 - INFO - [GUARD DEBUG] Invalid token
2025-10-25 17:45:53,314 - INFO - [AFTER RESPONSE] Set-Cookie=None
2025-10-25 17:45:53,315 - INFO - 127.0.0.1 - - [25/Oct/2025 17:45:53] "[32mGET / HTTP/1.1[0m" 302 -
2025-10-25 17:45:53,324 - INFO - [DEBUG COOKIE] Cookie header: None
2025-10-25 17:45:53,326 - INFO - [AFTER RESPONSE] Set-Cookie=None
2025-10-25 17:45:53,326 - INFO - 127.0.0.1 - - [25/Oct/2025 17:45:53] "GET /login HTTP/1.1" 200 -
2025-10-25 17:45:53,354 - INFO - [DEBUG COOKIE] Cookie header: None
2025-10-25 17:45:53,354 - INFO - [AFTER RESPONSE] Set-Cookie=None
2025-10-25 17:45:53,354 - INFO - 127.0.0.1 - - [25/Oct/2025 17:45:53] "[33mGET /.well-known/appspecific/com.chrome.devtools.json HTTP/1.1[0m" 404 -
2025-10-25 17:48:34,957 - INFO -  * Detected change in 'D:\\Github\\scrapSicyca\\models\\auth_api.py', reloading
2025-10-25 17:48:35,071 - INFO -  * Restarting with stat
2025-10-25 17:48:39,263 - INFO - Secret Key untuk session berhasil diatur.
2025-10-25 17:48:39,270 - INFO - Adding job tentatively -- it will be properly scheduled when the scheduler starts
2025-10-25 17:48:39,271 - INFO - Added job "run_scraper_and_save" to job store "default"
2025-10-25 17:48:39,271 - INFO - Scheduler started
2025-10-25 17:48:39,272 - INFO - 
Scheduler jadwal telah dimulai. Akan berjalan setiap hari jam 05:00 pagi.
2025-10-25 17:48:39,272 - INFO - Aplikasi web Flask siap di http://0.0.0.0:5000

2025-10-25 17:48:39,279 - WARNING -  * Debugger is active!
2025-10-25 17:48:39,286 - INFO -  * Debugger PIN: 288-901-657
2025-10-25 17:48:41,301 - INFO -  * Detected change in 'D:\\Github\\scrapSicyca\\models\\auth_api.py', reloading
2025-10-25 17:48:41,401 - INFO -  * Restarting with stat
2025-10-25 17:48:42,399 - INFO - Secret Key untuk session berhasil diatur.
2025-10-25 17:48:42,404 - INFO - Adding job tentatively -- it will be properly scheduled when the scheduler starts
2025-10-25 17:48:42,405 - INFO - Added job "run_scraper_and_save" to job store "default"
2025-10-25 17:48:42,405 - INFO - Scheduler started
2025-10-25 17:48:42,406 - INFO - 
Scheduler jadwal telah dimulai. Akan berjalan setiap hari jam 05:00 pagi.
2025-10-25 17:48:42,406 - INFO - Aplikasi web Flask siap di http://0.0.0.0:5000

2025-10-25 17:48:42,414 - WARNING -  * Debugger is active!
2025-10-25 17:48:42,420 - INFO -  * Debugger PIN: 288-901-657
2025-10-25 17:48:47,445 - INFO -  * Detected change in 'D:\\Github\\scrapSicyca\\models\\auth_api.py', reloading
2025-10-25 17:48:47,677 - INFO -  * Restarting with stat
2025-10-25 17:49:44,931 - INFO - Secret Key untuk session berhasil diatur.
2025-10-25 17:49:44,937 - INFO - Adding job tentatively -- it will be properly scheduled when the scheduler starts
2025-10-25 17:49:44,937 - INFO - Added job "run_scraper_and_save" to job store "default"
2025-10-25 17:49:44,937 - INFO - Scheduler started
2025-10-25 17:49:44,940 - INFO - 
Scheduler jadwal telah dimulai. Akan berjalan setiap hari jam 05:00 pagi.
2025-10-25 17:49:44,941 - INFO - Aplikasi web Flask siap di http://0.0.0.0:5000

2025-10-25 17:49:44,966 - INFO - [31m[1mWARNING: This is a development server. Do not use it in a production deployment. Use a production WSGI server instead.[0m
 * Running on all addresses (0.0.0.0)
 * Running on http://127.0.0.1:5000
 * Running on http://172.16.2.148:5000
2025-10-25 17:49:44,966 - INFO - [33mPress CTRL+C to quit[0m
2025-10-25 17:49:44,967 - INFO -  * Restarting with stat
2025-10-25 17:49:45,774 - INFO - Secret Key untuk session berhasil diatur.
2025-10-25 17:49:45,780 - INFO - Adding job tentatively -- it will be properly scheduled when the scheduler starts
2025-10-25 17:49:45,780 - INFO - Added job "run_scraper_and_save" to job store "default"
2025-10-25 17:49:45,780 - INFO - Scheduler started
2025-10-25 17:49:45,781 - INFO - 
Scheduler jadwal telah dimulai. Akan berjalan setiap hari jam 05:00 pagi.
2025-10-25 17:49:45,781 - INFO - Aplikasi web Flask siap di http://0.0.0.0:5000

2025-10-25 17:49:45,788 - WARNING -  * Debugger is active!
2025-10-25 17:49:45,792 - INFO -  * Debugger PIN: 288-901-657
2025-10-25 17:49:49,479 - INFO - [DEBUG COOKIE] Cookie header: None
2025-10-25 17:49:49,481 - INFO - [AFTER RESPONSE] Set-Cookie=None
2025-10-25 17:49:49,482 - INFO - 127.0.0.1 - - [25/Oct/2025 17:49:49] "GET /login HTTP/1.1" 200 -
2025-10-25 17:49:49,508 - INFO - [DEBUG COOKIE] Cookie header: None
2025-10-25 17:49:49,509 - INFO - [AFTER RESPONSE] Set-Cookie=None
2025-10-25 17:49:49,509 - INFO - 127.0.0.1 - - [25/Oct/2025 17:49:49] "[33mGET /.well-known/appspecific/com.chrome.devtools.json HTTP/1.1[0m" 404 -
2025-10-25 17:49:56,016 - INFO - [DEBUG COOKIE] Cookie header: None
2025-10-25 17:49:56,319 - INFO - === Koneksi ke database berhasil ===
2025-10-25 17:49:56,729 - INFO - [AUTH_API] Generated access token for user 1
2025-10-25 17:49:56,742 - INFO - [LOGIN DEBUG] Session keys=['access_token', 'user_id']
2025-10-25 17:49:56,742 - INFO - [AFTER RESPONSE] Set-Cookie=None
2025-10-25 17:49:56,766 - INFO - 127.0.0.1 - - [25/Oct/2025 17:49:56] "POST /api/auth/login HTTP/1.1" 200 -
2025-10-25 17:49:57,272 - INFO - [DEBUG COOKIE] Cookie header: session=.eJwNzNEKgjAYQOF32XVJWgZ6Kxm_MUVZZd5ITtO5nOIy16J3z-vzcb7oTmklZf7qeSWQi6pP0BRHyiIWwFmDGTKQIBKberAHPqQXL3CMBenyCixqDxK6Z1MuERNqYYJ3EcF2yGaWpc0Mba9CfVNYc4UJtx6xEeqTiu0h2DqEv6euKMdDL9bpiHNf4KSrY-Uvk02qsxqt0CSrMWclcs3fH6nFOpY.aPyrVA.eWpWfgzlh9wjIWa8zxVGhrGO9mo
2025-10-25 17:49:57,273 - INFO - [GUARD DEBUG] Invalid token
2025-10-25 17:49:57,273 - INFO - [AFTER RESPONSE] Set-Cookie=None
2025-10-25 17:49:57,274 - INFO - 127.0.0.1 - - [25/Oct/2025 17:49:57] "[32mGET / HTTP/1.1[0m" 302 -
2025-10-25 17:49:57,279 - INFO - [DEBUG COOKIE] Cookie header: None
2025-10-25 17:49:57,279 - INFO - [AFTER RESPONSE] Set-Cookie=None
2025-10-25 17:49:57,280 - INFO - 127.0.0.1 - - [25/Oct/2025 17:49:57] "GET /login HTTP/1.1" 200 -
2025-10-25 17:49:57,348 - INFO - [DEBUG COOKIE] Cookie header: None
2025-10-25 17:49:57,349 - INFO - [AFTER RESPONSE] Set-Cookie=None
2025-10-25 17:49:57,349 - INFO - 127.0.0.1 - - [25/Oct/2025 17:49:57] "[33mGET /.well-known/appspecific/com.chrome.devtools.json HTTP/1.1[0m" 404 -
2025-10-25 17:52:18,609 - INFO -  * Detected change in 'D:\\Github\\scrapSicyca\\middleware\\auth_quard.py', reloading
2025-10-25 17:52:18,803 - INFO -  * Restarting with stat
2025-10-25 17:52:33,274 - INFO - Secret Key untuk session berhasil diatur.
2025-10-25 17:52:33,279 - INFO - Adding job tentatively -- it will be properly scheduled when the scheduler starts
2025-10-25 17:52:33,280 - INFO - Added job "run_scraper_and_save" to job store "default"
2025-10-25 17:52:33,280 - INFO - Scheduler started
2025-10-25 17:52:33,281 - INFO - 
Scheduler jadwal telah dimulai. Akan berjalan setiap hari jam 05:00 pagi.
2025-10-25 17:52:33,281 - INFO - Aplikasi web Flask siap di http://0.0.0.0:5000

2025-10-25 17:52:33,299 - INFO - [31m[1mWARNING: This is a development server. Do not use it in a production deployment. Use a production WSGI server instead.[0m
 * Running on all addresses (0.0.0.0)
 * Running on http://127.0.0.1:5000
 * Running on http://172.16.2.148:5000
2025-10-25 17:52:33,299 - INFO - [33mPress CTRL+C to quit[0m
2025-10-25 17:52:33,301 - INFO -  * Restarting with stat
2025-10-25 17:52:34,123 - INFO - Secret Key untuk session berhasil diatur.
2025-10-25 17:52:34,128 - INFO - Adding job tentatively -- it will be properly scheduled when the scheduler starts
2025-10-25 17:52:34,128 - INFO - Added job "run_scraper_and_save" to job store "default"
2025-10-25 17:52:34,128 - INFO - Scheduler started
2025-10-25 17:52:34,130 - INFO - 
Scheduler jadwal telah dimulai. Akan berjalan setiap hari jam 05:00 pagi.
2025-10-25 17:52:34,130 - INFO - Aplikasi web Flask siap di http://0.0.0.0:5000

2025-10-25 17:52:34,137 - WARNING -  * Debugger is active!
2025-10-25 17:52:34,142 - INFO -  * Debugger PIN: 288-901-657
2025-10-25 17:52:51,399 - INFO - [DEBUG COOKIE] Cookie header: None
2025-10-25 17:52:51,681 - INFO - === Koneksi ke database berhasil ===
2025-10-25 17:52:51,890 - INFO - [AUTH_API] Generated access token for user 1
2025-10-25 17:52:51,899 - INFO - [LOGIN DEBUG] Session keys=['access_token', 'user_id']
2025-10-25 17:52:51,900 - INFO - [AFTER RESPONSE] Set-Cookie=None
2025-10-25 17:52:51,900 - INFO - 127.0.0.1 - - [25/Oct/2025 17:52:51] "POST /api/auth/login HTTP/1.1" 200 -
2025-10-25 17:52:52,214 - INFO - [DEBUG COOKIE] Cookie header: session=.eJwNyr0OgjAUQOF36awkqKCyosFLUgha_1iILQgXBJQiYI3vLsOZvvMlNyESKaO2LpKKWCT5uBl3BProwlGB7iFIqPaGsMGE4nk52e5aGycVnwH9fCuhfGTxiJSJGWV04bPjnB56DC9ZD3k9eOo6UFWMieEeaLK1a09lQTX9oN5h7hgRXy13m-FkcmbqnDspNmn46sqCTMhbJk2EMbH03x-9FDsH.aPysAw.DGTrZAb-UkXHwUaTAQdLEbVMZzM
2025-10-25 17:52:52,214 - INFO - [GUARD DEBUG] Invalid token
2025-10-25 17:52:52,215 - INFO - [AFTER RESPONSE] Set-Cookie=None
2025-10-25 17:52:52,215 - INFO - 127.0.0.1 - - [25/Oct/2025 17:52:52] "[32mGET / HTTP/1.1[0m" 302 -
2025-10-25 17:52:52,221 - INFO - [DEBUG COOKIE] Cookie header: None
2025-10-25 17:52:52,226 - INFO - [AFTER RESPONSE] Set-Cookie=None
2025-10-25 17:52:52,226 - INFO - 127.0.0.1 - - [25/Oct/2025 17:52:52] "GET /login HTTP/1.1" 200 -
2025-10-25 17:52:52,253 - INFO - [DEBUG COOKIE] Cookie header: None
2025-10-25 17:52:52,254 - INFO - [AFTER RESPONSE] Set-Cookie=None
2025-10-25 17:52:52,254 - INFO - 127.0.0.1 - - [25/Oct/2025 17:52:52] "[33mGET /.well-known/appspecific/com.chrome.devtools.json HTTP/1.1[0m" 404 -
2025-10-25 17:56:02,403 - INFO -  * Detected change in 'D:\\Github\\scrapSicyca\\models\\auth_api.py', reloading
2025-10-25 17:56:02,809 - INFO -  * Restarting with stat
2025-10-25 18:01:25,649 - INFO - Secret Key untuk session berhasil diatur.
2025-10-25 18:01:25,654 - INFO - Adding job tentatively -- it will be properly scheduled when the scheduler starts
2025-10-25 18:01:25,654 - INFO - Added job "run_scraper_and_save" to job store "default"
2025-10-25 18:01:25,654 - INFO - Scheduler started
2025-10-25 18:01:25,655 - INFO - 
Scheduler jadwal telah dimulai. Akan berjalan setiap hari jam 05:00 pagi.
2025-10-25 18:01:25,655 - INFO - Aplikasi web Flask siap di http://0.0.0.0:5000

2025-10-25 18:01:25,674 - INFO - [31m[1mWARNING: This is a development server. Do not use it in a production deployment. Use a production WSGI server instead.[0m
 * Running on all addresses (0.0.0.0)
 * Running on http://127.0.0.1:5000
 * Running on http://172.16.2.148:5000
2025-10-25 18:01:25,674 - INFO - [33mPress CTRL+C to quit[0m
2025-10-25 18:01:25,676 - INFO -  * Restarting with stat
2025-10-25 18:01:26,518 - INFO - Secret Key untuk session berhasil diatur.
2025-10-25 18:01:26,524 - INFO - Adding job tentatively -- it will be properly scheduled when the scheduler starts
2025-10-25 18:01:26,525 - INFO - Added job "run_scraper_and_save" to job store "default"
2025-10-25 18:01:26,525 - INFO - Scheduler started
2025-10-25 18:01:26,526 - INFO - 
Scheduler jadwal telah dimulai. Akan berjalan setiap hari jam 05:00 pagi.
2025-10-25 18:01:26,526 - INFO - Aplikasi web Flask siap di http://0.0.0.0:5000

2025-10-25 18:01:26,533 - WARNING -  * Debugger is active!
2025-10-25 18:01:26,538 - INFO -  * Debugger PIN: 288-901-657
2025-10-25 18:01:27,204 - INFO - [DEBUG COOKIE] Cookie header: None
2025-10-25 18:01:27,207 - INFO - [AFTER RESPONSE] Set-Cookie=None
2025-10-25 18:01:27,208 - INFO - 127.0.0.1 - - [25/Oct/2025 18:01:27] "GET /login HTTP/1.1" 200 -
2025-10-25 18:01:27,235 - INFO - [DEBUG COOKIE] Cookie header: None
2025-10-25 18:01:27,235 - INFO - [AFTER RESPONSE] Set-Cookie=None
2025-10-25 18:01:27,235 - INFO - 127.0.0.1 - - [25/Oct/2025 18:01:27] "[33mGET /.well-known/appspecific/com.chrome.devtools.json HTTP/1.1[0m" 404 -
2025-10-25 18:01:32,545 - INFO - [DEBUG COOKIE] Cookie header: None
2025-10-25 18:01:32,951 - INFO - === Koneksi ke database berhasil ===
2025-10-25 18:01:33,240 - INFO - [AUTH_API] Using SECRET_KEY hash=9120954777174107791
2025-10-25 18:01:33,241 - INFO - [AUTH_API] Generated access token for user 1
2025-10-25 18:01:33,358 - INFO - [LOGIN DEBUG] Session keys=['access_token', 'user_id']
2025-10-25 18:01:33,360 - INFO - [AFTER RESPONSE] Set-Cookie=None
2025-10-25 18:01:33,361 - INFO - 127.0.0.1 - - [25/Oct/2025 18:01:33] "POST /api/auth/login HTTP/1.1" 200 -
2025-10-25 18:01:34,273 - INFO - [DEBUG COOKIE] Cookie header: session=.eJwNyskOgjAQANB_6dkYQSGRm6moQyioQUUuRMo27KEqUOO_6_m9D3lwnggRPtsyaYhBksnKoz1HFy24SFAcBAHNWeMUdCg7_0qt9fyfZHwDdAtTQF3l8R-Zx1XmMY1tNxqbBgz8fICiHR15H5ksR3dbyvQ0p53Q0deyIuvxYC7jLnJwp1bKe8HTVdpEQVHbR4dSexrIjLxE0ocYE0P5_gCnZDqG.aPyuDQ.xB4yKKOlPoN5FdNI2j6WguJYY7E
2025-10-25 18:01:34,274 - INFO - [GUARD DEBUG] Invalid token
2025-10-25 18:01:34,275 - INFO - [AFTER RESPONSE] Set-Cookie=None
2025-10-25 18:01:34,275 - INFO - 127.0.0.1 - - [25/Oct/2025 18:01:34] "[32mGET / HTTP/1.1[0m" 302 -
2025-10-25 18:01:34,280 - INFO - [DEBUG COOKIE] Cookie header: None
2025-10-25 18:01:34,281 - INFO - [AFTER RESPONSE] Set-Cookie=None
2025-10-25 18:01:34,282 - INFO - 127.0.0.1 - - [25/Oct/2025 18:01:34] "GET /login HTTP/1.1" 200 -
2025-10-25 18:01:34,362 - INFO - [DEBUG COOKIE] Cookie header: None
2025-10-25 18:01:34,363 - INFO - [AFTER RESPONSE] Set-Cookie=None
2025-10-25 18:01:34,363 - INFO - 127.0.0.1 - - [25/Oct/2025 18:01:34] "[33mGET /.well-known/appspecific/com.chrome.devtools.json HTTP/1.1[0m" 404 -
2025-10-25 18:03:51,112 - INFO -  * Detected change in 'D:\\Github\\scrapSicyca\\models\\auth_api.py', reloading
2025-10-25 18:03:51,217 - INFO -  * Restarting with stat
2025-10-25 18:04:52,603 - INFO - Secret Key untuk session berhasil diatur.
2025-10-25 18:04:52,607 - INFO - Adding job tentatively -- it will be properly scheduled when the scheduler starts
2025-10-25 18:04:52,608 - INFO - Added job "run_scraper_and_save" to job store "default"
2025-10-25 18:04:52,608 - INFO - Scheduler started
2025-10-25 18:04:52,609 - INFO - 
Scheduler jadwal telah dimulai. Akan berjalan setiap hari jam 05:00 pagi.
2025-10-25 18:04:52,609 - INFO - Aplikasi web Flask siap di http://0.0.0.0:5000

2025-10-25 18:04:52,624 - INFO - [31m[1mWARNING: This is a development server. Do not use it in a production deployment. Use a production WSGI server instead.[0m
 * Running on all addresses (0.0.0.0)
 * Running on http://127.0.0.1:5000
 * Running on http://172.16.2.148:5000
2025-10-25 18:04:52,624 - INFO - [33mPress CTRL+C to quit[0m
2025-10-25 18:04:52,625 - INFO -  * Restarting with stat
2025-10-25 18:04:53,552 - INFO - Secret Key untuk session berhasil diatur.
2025-10-25 18:04:53,557 - INFO - Adding job tentatively -- it will be properly scheduled when the scheduler starts
2025-10-25 18:04:53,558 - INFO - Added job "run_scraper_and_save" to job store "default"
2025-10-25 18:04:53,558 - INFO - Scheduler started
2025-10-25 18:04:53,559 - INFO - 
Scheduler jadwal telah dimulai. Akan berjalan setiap hari jam 05:00 pagi.
2025-10-25 18:04:53,559 - INFO - Aplikasi web Flask siap di http://0.0.0.0:5000

2025-10-25 18:04:53,566 - WARNING -  * Debugger is active!
2025-10-25 18:04:53,587 - INFO -  * Debugger PIN: 288-901-657
2025-10-25 18:04:53,886 - INFO - [DEBUG COOKIE] Cookie header: None
2025-10-25 18:04:53,888 - INFO - [AFTER RESPONSE] Set-Cookie=None
2025-10-25 18:04:53,889 - INFO - 127.0.0.1 - - [25/Oct/2025 18:04:53] "GET /login HTTP/1.1" 200 -
2025-10-25 18:04:53,914 - INFO - [DEBUG COOKIE] Cookie header: None
2025-10-25 18:04:53,914 - INFO - [AFTER RESPONSE] Set-Cookie=None
2025-10-25 18:04:53,914 - INFO - 127.0.0.1 - - [25/Oct/2025 18:04:53] "[33mGET /.well-known/appspecific/com.chrome.devtools.json HTTP/1.1[0m" 404 -
2025-10-25 18:05:00,452 - INFO - [DEBUG COOKIE] Cookie header: None
2025-10-25 18:05:00,708 - INFO - === Koneksi ke database berhasil ===
2025-10-25 18:05:00,922 - INFO - [AUTH_API] Using SECRET_KEY hash=2393600458377545826
2025-10-25 18:05:00,922 - INFO - [AUTH_API] Generated access token for user 1
2025-10-25 18:05:00,939 - INFO - [LOGIN DEBUG] Session keys=['user_id']
2025-10-25 18:05:00,939 - INFO - [AFTER RESPONSE] Set-Cookie=access_token=eyJhbGciOiJIUzI1NiIsInR5cCI6IkpXVCJ9.eyJzdWIiOjEsImlhdCI6MTc2MTM5MDMwMCwiZXhwIjoxNzYxMzkyMTAwfQ.fe3O8ngGBNqAvgM5p5Q0eA3AumGK6RDq8n7Cgjkq2Ws; Expires=Sat, 25 Oct 2025 11:35:00 GMT; Max-Age=1800; HttpOnly; Path=/; SameSite=Lax
2025-10-25 18:05:00,940 - INFO - 127.0.0.1 - - [25/Oct/2025 18:05:00] "POST /api/auth/login HTTP/1.1" 200 -
2025-10-25 18:05:01,272 - INFO - [DEBUG COOKIE] Cookie header: access_token=eyJhbGciOiJIUzI1NiIsInR5cCI6IkpXVCJ9.eyJzdWIiOjEsImlhdCI6MTc2MTM5MDMwMCwiZXhwIjoxNzYxMzkyMTAwfQ.fe3O8ngGBNqAvgM5p5Q0eA3AumGK6RDq8n7Cgjkq2Ws; session=eyJ1c2VyX2lkIjoxfQ.aPyu3A.H-srHfBUQIvr8E6SXAgL92NPQnU
2025-10-25 18:05:01,273 - INFO - [AFTER RESPONSE] Set-Cookie=None
2025-10-25 18:05:01,274 - INFO - 127.0.0.1 - - [25/Oct/2025 18:05:01] "[32mGET / HTTP/1.1[0m" 302 -
2025-10-25 18:05:01,277 - INFO - [DEBUG COOKIE] Cookie header: access_token=eyJhbGciOiJIUzI1NiIsInR5cCI6IkpXVCJ9.eyJzdWIiOjEsImlhdCI6MTc2MTM5MDMwMCwiZXhwIjoxNzYxMzkyMTAwfQ.fe3O8ngGBNqAvgM5p5Q0eA3AumGK6RDq8n7Cgjkq2Ws; session=eyJ1c2VyX2lkIjoxfQ.aPyu3A.H-srHfBUQIvr8E6SXAgL92NPQnU
2025-10-25 18:05:01,277 - INFO - [AFTER RESPONSE] Set-Cookie=None
2025-10-25 18:05:01,278 - INFO - 127.0.0.1 - - [25/Oct/2025 18:05:01] "GET /login HTTP/1.1" 200 -
2025-10-25 18:05:01,350 - INFO - [DEBUG COOKIE] Cookie header: access_token=eyJhbGciOiJIUzI1NiIsInR5cCI6IkpXVCJ9.eyJzdWIiOjEsImlhdCI6MTc2MTM5MDMwMCwiZXhwIjoxNzYxMzkyMTAwfQ.fe3O8ngGBNqAvgM5p5Q0eA3AumGK6RDq8n7Cgjkq2Ws; session=eyJ1c2VyX2lkIjoxfQ.aPyu3A.H-srHfBUQIvr8E6SXAgL92NPQnU
2025-10-25 18:05:01,351 - INFO - [AFTER RESPONSE] Set-Cookie=None
2025-10-25 18:05:01,351 - INFO - 127.0.0.1 - - [25/Oct/2025 18:05:01] "[33mGET /.well-known/appspecific/com.chrome.devtools.json HTTP/1.1[0m" 404 -
2025-10-25 18:05:05,831 - INFO - [DEBUG COOKIE] Cookie header: access_token=eyJhbGciOiJIUzI1NiIsInR5cCI6IkpXVCJ9.eyJzdWIiOjEsImlhdCI6MTc2MTM5MDMwMCwiZXhwIjoxNzYxMzkyMTAwfQ.fe3O8ngGBNqAvgM5p5Q0eA3AumGK6RDq8n7Cgjkq2Ws; session=eyJ1c2VyX2lkIjoxfQ.aPyu3A.H-srHfBUQIvr8E6SXAgL92NPQnU
2025-10-25 18:05:05,831 - INFO - [AFTER RESPONSE] Set-Cookie=None
2025-10-25 18:05:05,831 - INFO - 127.0.0.1 - - [25/Oct/2025 18:05:05] "GET /login HTTP/1.1" 200 -
2025-10-25 18:05:05,859 - INFO - [DEBUG COOKIE] Cookie header: access_token=eyJhbGciOiJIUzI1NiIsInR5cCI6IkpXVCJ9.eyJzdWIiOjEsImlhdCI6MTc2MTM5MDMwMCwiZXhwIjoxNzYxMzkyMTAwfQ.fe3O8ngGBNqAvgM5p5Q0eA3AumGK6RDq8n7Cgjkq2Ws; session=eyJ1c2VyX2lkIjoxfQ.aPyu3A.H-srHfBUQIvr8E6SXAgL92NPQnU
2025-10-25 18:05:05,861 - INFO - [AFTER RESPONSE] Set-Cookie=None
2025-10-25 18:05:05,862 - INFO - 127.0.0.1 - - [25/Oct/2025 18:05:05] "[33mGET /.well-known/appspecific/com.chrome.devtools.json HTTP/1.1[0m" 404 -
2025-10-25 18:05:06,778 - INFO - [DEBUG COOKIE] Cookie header: access_token=eyJhbGciOiJIUzI1NiIsInR5cCI6IkpXVCJ9.eyJzdWIiOjEsImlhdCI6MTc2MTM5MDMwMCwiZXhwIjoxNzYxMzkyMTAwfQ.fe3O8ngGBNqAvgM5p5Q0eA3AumGK6RDq8n7Cgjkq2Ws; session=eyJ1c2VyX2lkIjoxfQ.aPyu3A.H-srHfBUQIvr8E6SXAgL92NPQnU
2025-10-25 18:05:06,779 - INFO - [AFTER RESPONSE] Set-Cookie=None
2025-10-25 18:05:06,779 - INFO - 127.0.0.1 - - [25/Oct/2025 18:05:06] "GET /login HTTP/1.1" 200 -
2025-10-25 18:05:06,808 - INFO - [DEBUG COOKIE] Cookie header: access_token=eyJhbGciOiJIUzI1NiIsInR5cCI6IkpXVCJ9.eyJzdWIiOjEsImlhdCI6MTc2MTM5MDMwMCwiZXhwIjoxNzYxMzkyMTAwfQ.fe3O8ngGBNqAvgM5p5Q0eA3AumGK6RDq8n7Cgjkq2Ws; session=eyJ1c2VyX2lkIjoxfQ.aPyu3A.H-srHfBUQIvr8E6SXAgL92NPQnU
2025-10-25 18:05:06,808 - INFO - [AFTER RESPONSE] Set-Cookie=None
2025-10-25 18:05:06,809 - INFO - 127.0.0.1 - - [25/Oct/2025 18:05:06] "[33mGET /.well-known/appspecific/com.chrome.devtools.json HTTP/1.1[0m" 404 -
2025-10-25 18:05:08,510 - INFO - [DEBUG COOKIE] Cookie header: access_token=eyJhbGciOiJIUzI1NiIsInR5cCI6IkpXVCJ9.eyJzdWIiOjEsImlhdCI6MTc2MTM5MDMwMCwiZXhwIjoxNzYxMzkyMTAwfQ.fe3O8ngGBNqAvgM5p5Q0eA3AumGK6RDq8n7Cgjkq2Ws; session=eyJ1c2VyX2lkIjoxfQ.aPyu3A.H-srHfBUQIvr8E6SXAgL92NPQnU
2025-10-25 18:05:08,510 - INFO - [AFTER RESPONSE] Set-Cookie=None
2025-10-25 18:05:08,511 - INFO - 127.0.0.1 - - [25/Oct/2025 18:05:08] "[32mGET / HTTP/1.1[0m" 302 -
2025-10-25 18:05:08,514 - INFO - [DEBUG COOKIE] Cookie header: access_token=eyJhbGciOiJIUzI1NiIsInR5cCI6IkpXVCJ9.eyJzdWIiOjEsImlhdCI6MTc2MTM5MDMwMCwiZXhwIjoxNzYxMzkyMTAwfQ.fe3O8ngGBNqAvgM5p5Q0eA3AumGK6RDq8n7Cgjkq2Ws; session=eyJ1c2VyX2lkIjoxfQ.aPyu3A.H-srHfBUQIvr8E6SXAgL92NPQnU
2025-10-25 18:05:08,515 - INFO - [AFTER RESPONSE] Set-Cookie=None
2025-10-25 18:05:08,515 - INFO - 127.0.0.1 - - [25/Oct/2025 18:05:08] "GET /login HTTP/1.1" 200 -
2025-10-25 18:05:08,544 - INFO - [DEBUG COOKIE] Cookie header: access_token=eyJhbGciOiJIUzI1NiIsInR5cCI6IkpXVCJ9.eyJzdWIiOjEsImlhdCI6MTc2MTM5MDMwMCwiZXhwIjoxNzYxMzkyMTAwfQ.fe3O8ngGBNqAvgM5p5Q0eA3AumGK6RDq8n7Cgjkq2Ws; session=eyJ1c2VyX2lkIjoxfQ.aPyu3A.H-srHfBUQIvr8E6SXAgL92NPQnU
2025-10-25 18:05:08,545 - INFO - [AFTER RESPONSE] Set-Cookie=None
2025-10-25 18:05:08,545 - INFO - 127.0.0.1 - - [25/Oct/2025 18:05:08] "[33mGET /.well-known/appspecific/com.chrome.devtools.json HTTP/1.1[0m" 404 -
2025-10-25 18:05:25,082 - INFO - Secret Key untuk session berhasil diatur.
2025-10-25 18:05:25,088 - INFO - Adding job tentatively -- it will be properly scheduled when the scheduler starts
2025-10-25 18:05:25,088 - INFO - Added job "run_scraper_and_save" to job store "default"
2025-10-25 18:05:25,088 - INFO - Scheduler started
2025-10-25 18:05:25,089 - INFO - 
Scheduler jadwal telah dimulai. Akan berjalan setiap hari jam 05:00 pagi.
2025-10-25 18:05:25,089 - INFO - Aplikasi web Flask siap di http://0.0.0.0:5000

2025-10-25 18:05:25,107 - INFO - [31m[1mWARNING: This is a development server. Do not use it in a production deployment. Use a production WSGI server instead.[0m
 * Running on all addresses (0.0.0.0)
 * Running on http://127.0.0.1:5000
 * Running on http://172.16.2.148:5000
2025-10-25 18:05:25,108 - INFO - [33mPress CTRL+C to quit[0m
2025-10-25 18:05:25,109 - INFO -  * Restarting with stat
2025-10-25 18:05:25,930 - INFO - Secret Key untuk session berhasil diatur.
2025-10-25 18:05:25,935 - INFO - Adding job tentatively -- it will be properly scheduled when the scheduler starts
2025-10-25 18:05:25,935 - INFO - Added job "run_scraper_and_save" to job store "default"
2025-10-25 18:05:25,936 - INFO - Scheduler started
2025-10-25 18:05:25,937 - INFO - 
Scheduler jadwal telah dimulai. Akan berjalan setiap hari jam 05:00 pagi.
2025-10-25 18:05:25,937 - INFO - Aplikasi web Flask siap di http://0.0.0.0:5000

2025-10-25 18:05:25,944 - WARNING -  * Debugger is active!
2025-10-25 18:05:25,948 - INFO -  * Debugger PIN: 288-901-657
2025-10-25 18:05:26,124 - INFO - [DEBUG COOKIE] Cookie header: access_token=eyJhbGciOiJIUzI1NiIsInR5cCI6IkpXVCJ9.eyJzdWIiOjEsImlhdCI6MTc2MTM5MDMwMCwiZXhwIjoxNzYxMzkyMTAwfQ.fe3O8ngGBNqAvgM5p5Q0eA3AumGK6RDq8n7Cgjkq2Ws; session=eyJ1c2VyX2lkIjoxfQ.aPyu3A.H-srHfBUQIvr8E6SXAgL92NPQnU
2025-10-25 18:05:26,127 - INFO - [AFTER RESPONSE] Set-Cookie=None
2025-10-25 18:05:26,128 - INFO - 127.0.0.1 - - [25/Oct/2025 18:05:26] "GET /login HTTP/1.1" 200 -
2025-10-25 18:05:26,154 - INFO - [DEBUG COOKIE] Cookie header: access_token=eyJhbGciOiJIUzI1NiIsInR5cCI6IkpXVCJ9.eyJzdWIiOjEsImlhdCI6MTc2MTM5MDMwMCwiZXhwIjoxNzYxMzkyMTAwfQ.fe3O8ngGBNqAvgM5p5Q0eA3AumGK6RDq8n7Cgjkq2Ws; session=eyJ1c2VyX2lkIjoxfQ.aPyu3A.H-srHfBUQIvr8E6SXAgL92NPQnU
2025-10-25 18:05:26,168 - INFO - [AFTER RESPONSE] Set-Cookie=None
2025-10-25 18:05:26,169 - INFO - 127.0.0.1 - - [25/Oct/2025 18:05:26] "[33mGET /.well-known/appspecific/com.chrome.devtools.json HTTP/1.1[0m" 404 -
2025-10-25 18:05:36,872 - INFO - [DEBUG COOKIE] Cookie header: None
2025-10-25 18:05:36,873 - INFO - [AFTER RESPONSE] Set-Cookie=None
2025-10-25 18:05:36,874 - INFO - 127.0.0.1 - - [25/Oct/2025 18:05:36] "GET /login HTTP/1.1" 200 -
2025-10-25 18:05:36,901 - INFO - [DEBUG COOKIE] Cookie header: None
2025-10-25 18:05:36,902 - INFO - [AFTER RESPONSE] Set-Cookie=None
2025-10-25 18:05:36,902 - INFO - 127.0.0.1 - - [25/Oct/2025 18:05:36] "[33mGET /.well-known/appspecific/com.chrome.devtools.json HTTP/1.1[0m" 404 -
2025-10-25 18:05:43,283 - INFO - Secret Key untuk session berhasil diatur.
2025-10-25 18:05:43,288 - INFO - Adding job tentatively -- it will be properly scheduled when the scheduler starts
2025-10-25 18:05:43,288 - INFO - Added job "run_scraper_and_save" to job store "default"
2025-10-25 18:05:43,289 - INFO - Scheduler started
2025-10-25 18:05:43,290 - INFO - 
Scheduler jadwal telah dimulai. Akan berjalan setiap hari jam 05:00 pagi.
2025-10-25 18:05:43,290 - INFO - Aplikasi web Flask siap di http://0.0.0.0:5000

2025-10-25 18:05:43,309 - INFO - [31m[1mWARNING: This is a development server. Do not use it in a production deployment. Use a production WSGI server instead.[0m
 * Running on all addresses (0.0.0.0)
 * Running on http://127.0.0.1:5000
 * Running on http://172.16.2.148:5000
2025-10-25 18:05:43,310 - INFO - [33mPress CTRL+C to quit[0m
2025-10-25 18:05:43,311 - INFO -  * Restarting with stat
2025-10-25 18:05:44,148 - INFO - Secret Key untuk session berhasil diatur.
2025-10-25 18:05:44,155 - INFO - Adding job tentatively -- it will be properly scheduled when the scheduler starts
2025-10-25 18:05:44,155 - INFO - Added job "run_scraper_and_save" to job store "default"
2025-10-25 18:05:44,155 - INFO - Scheduler started
2025-10-25 18:05:44,157 - INFO - 
Scheduler jadwal telah dimulai. Akan berjalan setiap hari jam 05:00 pagi.
2025-10-25 18:05:44,158 - INFO - Aplikasi web Flask siap di http://0.0.0.0:5000

2025-10-25 18:05:44,171 - WARNING -  * Debugger is active!
2025-10-25 18:05:44,178 - INFO -  * Debugger PIN: 288-901-657
2025-10-25 18:05:51,077 - INFO - [DEBUG COOKIE] Cookie header: None
2025-10-25 18:05:51,210 - INFO - === Koneksi ke database berhasil ===
2025-10-25 18:05:51,414 - INFO - [AUTH_API] Using SECRET_KEY hash=-3429191892994500505
2025-10-25 18:05:51,414 - INFO - [AUTH_API] Generated access token for user 1
2025-10-25 18:05:51,428 - INFO - [LOGIN DEBUG] Session keys=['user_id']
2025-10-25 18:05:51,433 - INFO - [AFTER RESPONSE] Set-Cookie=access_token=eyJhbGciOiJIUzI1NiIsInR5cCI6IkpXVCJ9.eyJzdWIiOjEsImlhdCI6MTc2MTM5MDM1MSwiZXhwIjoxNzYxMzkyMTUxfQ.owrPQJNH9GQp6UZi2eizGOAZ2_rselkVws2jODSFUJg; Expires=Sat, 25 Oct 2025 11:35:51 GMT; Max-Age=1800; HttpOnly; Path=/; SameSite=Lax
2025-10-25 18:05:51,435 - INFO - 127.0.0.1 - - [25/Oct/2025 18:05:51] "POST /api/auth/login HTTP/1.1" 200 -
2025-10-25 18:05:51,751 - INFO - [DEBUG COOKIE] Cookie header: access_token=eyJhbGciOiJIUzI1NiIsInR5cCI6IkpXVCJ9.eyJzdWIiOjEsImlhdCI6MTc2MTM5MDM1MSwiZXhwIjoxNzYxMzkyMTUxfQ.owrPQJNH9GQp6UZi2eizGOAZ2_rselkVws2jODSFUJg; session=eyJ1c2VyX2lkIjoxfQ.aPyvDw.6seoxeNPBBPZFBKQKf5Im3a3T24
2025-10-25 18:05:51,751 - INFO - [AFTER RESPONSE] Set-Cookie=None
2025-10-25 18:05:51,752 - INFO - 127.0.0.1 - - [25/Oct/2025 18:05:51] "[32mGET / HTTP/1.1[0m" 302 -
2025-10-25 18:05:51,756 - INFO - [DEBUG COOKIE] Cookie header: access_token=eyJhbGciOiJIUzI1NiIsInR5cCI6IkpXVCJ9.eyJzdWIiOjEsImlhdCI6MTc2MTM5MDM1MSwiZXhwIjoxNzYxMzkyMTUxfQ.owrPQJNH9GQp6UZi2eizGOAZ2_rselkVws2jODSFUJg; session=eyJ1c2VyX2lkIjoxfQ.aPyvDw.6seoxeNPBBPZFBKQKf5Im3a3T24
2025-10-25 18:05:51,758 - INFO - [AFTER RESPONSE] Set-Cookie=None
2025-10-25 18:05:51,758 - INFO - 127.0.0.1 - - [25/Oct/2025 18:05:51] "GET /login HTTP/1.1" 200 -
2025-10-25 18:05:51,785 - INFO - [DEBUG COOKIE] Cookie header: access_token=eyJhbGciOiJIUzI1NiIsInR5cCI6IkpXVCJ9.eyJzdWIiOjEsImlhdCI6MTc2MTM5MDM1MSwiZXhwIjoxNzYxMzkyMTUxfQ.owrPQJNH9GQp6UZi2eizGOAZ2_rselkVws2jODSFUJg; session=eyJ1c2VyX2lkIjoxfQ.aPyvDw.6seoxeNPBBPZFBKQKf5Im3a3T24
2025-10-25 18:05:51,786 - INFO - [AFTER RESPONSE] Set-Cookie=None
2025-10-25 18:05:51,786 - INFO - 127.0.0.1 - - [25/Oct/2025 18:05:51] "[33mGET /.well-known/appspecific/com.chrome.devtools.json HTTP/1.1[0m" 404 -
2025-10-25 18:06:58,467 - INFO -  * Detected change in 'D:\\Github\\scrapSicyca\\middleware\\auth_quard.py', reloading
2025-10-25 18:06:58,732 - INFO -  * Restarting with stat
2025-10-25 18:06:59,785 - INFO - Secret Key untuk session berhasil diatur.
2025-10-25 18:06:59,790 - INFO - Adding job tentatively -- it will be properly scheduled when the scheduler starts
2025-10-25 18:06:59,791 - INFO - Added job "run_scraper_and_save" to job store "default"
2025-10-25 18:06:59,791 - INFO - Scheduler started
2025-10-25 18:06:59,792 - INFO - 
Scheduler jadwal telah dimulai. Akan berjalan setiap hari jam 05:00 pagi.
2025-10-25 18:06:59,792 - INFO - Aplikasi web Flask siap di http://0.0.0.0:5000

2025-10-25 18:06:59,800 - WARNING -  * Debugger is active!
2025-10-25 18:06:59,804 - INFO -  * Debugger PIN: 288-901-657
2025-10-25 18:07:01,816 - INFO -  * Detected change in 'D:\\Github\\scrapSicyca\\models\\auth_api.py', reloading
2025-10-25 18:07:01,919 - INFO -  * Restarting with stat
2025-10-25 18:07:03,006 - INFO - Secret Key untuk session berhasil diatur.
2025-10-25 18:07:03,013 - INFO - Adding job tentatively -- it will be properly scheduled when the scheduler starts
2025-10-25 18:07:03,014 - INFO - Added job "run_scraper_and_save" to job store "default"
2025-10-25 18:07:03,014 - INFO - Scheduler started
2025-10-25 18:07:03,015 - INFO - 
Scheduler jadwal telah dimulai. Akan berjalan setiap hari jam 05:00 pagi.
2025-10-25 18:07:03,015 - INFO - Aplikasi web Flask siap di http://0.0.0.0:5000

2025-10-25 18:07:03,022 - WARNING -  * Debugger is active!
2025-10-25 18:07:03,027 - INFO -  * Debugger PIN: 288-901-657
2025-10-25 18:07:04,038 - INFO -  * Detected change in 'D:\\Github\\scrapSicyca\\models\\auth_api.py', reloading
2025-10-25 18:07:04,134 - INFO -  * Restarting with stat
2025-10-25 18:07:05,024 - INFO - Secret Key untuk session berhasil diatur.
2025-10-25 18:07:05,030 - INFO - Adding job tentatively -- it will be properly scheduled when the scheduler starts
2025-10-25 18:07:05,030 - INFO - Added job "run_scraper_and_save" to job store "default"
2025-10-25 18:07:05,030 - INFO - Scheduler started
2025-10-25 18:07:05,031 - INFO - 
Scheduler jadwal telah dimulai. Akan berjalan setiap hari jam 05:00 pagi.
2025-10-25 18:07:05,032 - INFO - Aplikasi web Flask siap di http://0.0.0.0:5000

2025-10-25 18:07:05,040 - WARNING -  * Debugger is active!
2025-10-25 18:07:05,044 - INFO -  * Debugger PIN: 288-901-657
2025-10-25 18:08:11,038 - INFO - [DEBUG COOKIE] Cookie header: access_token=eyJhbGciOiJIUzI1NiIsInR5cCI6IkpXVCJ9.eyJzdWIiOjEsImlhdCI6MTc2MTM5MDM1MSwiZXhwIjoxNzYxMzkyMTUxfQ.owrPQJNH9GQp6UZi2eizGOAZ2_rselkVws2jODSFUJg; session=eyJ1c2VyX2lkIjoxfQ.aPyvDw.6seoxeNPBBPZFBKQKf5Im3a3T24
2025-10-25 18:08:11,041 - INFO - [AFTER RESPONSE] Set-Cookie=None
2025-10-25 18:08:11,042 - INFO - 127.0.0.1 - - [25/Oct/2025 18:08:11] "GET /login HTTP/1.1" 200 -
2025-10-25 18:08:11,072 - INFO - [DEBUG COOKIE] Cookie header: access_token=eyJhbGciOiJIUzI1NiIsInR5cCI6IkpXVCJ9.eyJzdWIiOjEsImlhdCI6MTc2MTM5MDM1MSwiZXhwIjoxNzYxMzkyMTUxfQ.owrPQJNH9GQp6UZi2eizGOAZ2_rselkVws2jODSFUJg; session=eyJ1c2VyX2lkIjoxfQ.aPyvDw.6seoxeNPBBPZFBKQKf5Im3a3T24
2025-10-25 18:08:11,073 - INFO - [AFTER RESPONSE] Set-Cookie=None
2025-10-25 18:08:11,073 - INFO - 127.0.0.1 - - [25/Oct/2025 18:08:11] "[33mGET /.well-known/appspecific/com.chrome.devtools.json HTTP/1.1[0m" 404 -
2025-10-25 18:08:11,753 - INFO - [DEBUG COOKIE] Cookie header: access_token=eyJhbGciOiJIUzI1NiIsInR5cCI6IkpXVCJ9.eyJzdWIiOjEsImlhdCI6MTc2MTM5MDM1MSwiZXhwIjoxNzYxMzkyMTUxfQ.owrPQJNH9GQp6UZi2eizGOAZ2_rselkVws2jODSFUJg; session=eyJ1c2VyX2lkIjoxfQ.aPyvDw.6seoxeNPBBPZFBKQKf5Im3a3T24
2025-10-25 18:08:11,754 - INFO - [AFTER RESPONSE] Set-Cookie=None
2025-10-25 18:08:11,754 - INFO - 127.0.0.1 - - [25/Oct/2025 18:08:11] "GET /login HTTP/1.1" 200 -
2025-10-25 18:08:11,782 - INFO - [DEBUG COOKIE] Cookie header: access_token=eyJhbGciOiJIUzI1NiIsInR5cCI6IkpXVCJ9.eyJzdWIiOjEsImlhdCI6MTc2MTM5MDM1MSwiZXhwIjoxNzYxMzkyMTUxfQ.owrPQJNH9GQp6UZi2eizGOAZ2_rselkVws2jODSFUJg; session=eyJ1c2VyX2lkIjoxfQ.aPyvDw.6seoxeNPBBPZFBKQKf5Im3a3T24
2025-10-25 18:08:11,782 - INFO - [AFTER RESPONSE] Set-Cookie=None
2025-10-25 18:08:11,783 - INFO - 127.0.0.1 - - [25/Oct/2025 18:08:11] "[33mGET /.well-known/appspecific/com.chrome.devtools.json HTTP/1.1[0m" 404 -
2025-10-25 18:08:12,352 - INFO - [DEBUG COOKIE] Cookie header: access_token=eyJhbGciOiJIUzI1NiIsInR5cCI6IkpXVCJ9.eyJzdWIiOjEsImlhdCI6MTc2MTM5MDM1MSwiZXhwIjoxNzYxMzkyMTUxfQ.owrPQJNH9GQp6UZi2eizGOAZ2_rselkVws2jODSFUJg; session=eyJ1c2VyX2lkIjoxfQ.aPyvDw.6seoxeNPBBPZFBKQKf5Im3a3T24
2025-10-25 18:08:12,357 - INFO - [AFTER RESPONSE] Set-Cookie=None
2025-10-25 18:08:12,359 - INFO - 127.0.0.1 - - [25/Oct/2025 18:08:12] "GET /login HTTP/1.1" 200 -
2025-10-25 18:08:12,385 - INFO - [DEBUG COOKIE] Cookie header: access_token=eyJhbGciOiJIUzI1NiIsInR5cCI6IkpXVCJ9.eyJzdWIiOjEsImlhdCI6MTc2MTM5MDM1MSwiZXhwIjoxNzYxMzkyMTUxfQ.owrPQJNH9GQp6UZi2eizGOAZ2_rselkVws2jODSFUJg; session=eyJ1c2VyX2lkIjoxfQ.aPyvDw.6seoxeNPBBPZFBKQKf5Im3a3T24
2025-10-25 18:08:12,386 - INFO - [AFTER RESPONSE] Set-Cookie=None
2025-10-25 18:08:12,386 - INFO - 127.0.0.1 - - [25/Oct/2025 18:08:12] "[33mGET /.well-known/appspecific/com.chrome.devtools.json HTTP/1.1[0m" 404 -
2025-10-25 18:08:12,986 - INFO - [DEBUG COOKIE] Cookie header: access_token=eyJhbGciOiJIUzI1NiIsInR5cCI6IkpXVCJ9.eyJzdWIiOjEsImlhdCI6MTc2MTM5MDM1MSwiZXhwIjoxNzYxMzkyMTUxfQ.owrPQJNH9GQp6UZi2eizGOAZ2_rselkVws2jODSFUJg; session=eyJ1c2VyX2lkIjoxfQ.aPyvDw.6seoxeNPBBPZFBKQKf5Im3a3T24
2025-10-25 18:08:12,987 - INFO - [AFTER RESPONSE] Set-Cookie=None
2025-10-25 18:08:12,987 - INFO - 127.0.0.1 - - [25/Oct/2025 18:08:12] "GET /login HTTP/1.1" 200 -
2025-10-25 18:08:13,017 - INFO - [DEBUG COOKIE] Cookie header: access_token=eyJhbGciOiJIUzI1NiIsInR5cCI6IkpXVCJ9.eyJzdWIiOjEsImlhdCI6MTc2MTM5MDM1MSwiZXhwIjoxNzYxMzkyMTUxfQ.owrPQJNH9GQp6UZi2eizGOAZ2_rselkVws2jODSFUJg; session=eyJ1c2VyX2lkIjoxfQ.aPyvDw.6seoxeNPBBPZFBKQKf5Im3a3T24
2025-10-25 18:08:13,018 - INFO - [AFTER RESPONSE] Set-Cookie=None
2025-10-25 18:08:13,018 - INFO - 127.0.0.1 - - [25/Oct/2025 18:08:13] "[33mGET /.well-known/appspecific/com.chrome.devtools.json HTTP/1.1[0m" 404 -
2025-10-25 18:08:17,081 - INFO - [DEBUG COOKIE] Cookie header: access_token=eyJhbGciOiJIUzI1NiIsInR5cCI6IkpXVCJ9.eyJzdWIiOjEsImlhdCI6MTc2MTM5MDM1MSwiZXhwIjoxNzYxMzkyMTUxfQ.owrPQJNH9GQp6UZi2eizGOAZ2_rselkVws2jODSFUJg; session=eyJ1c2VyX2lkIjoxfQ.aPyvDw.6seoxeNPBBPZFBKQKf5Im3a3T24
2025-10-25 18:08:17,081 - INFO - [AFTER RESPONSE] Set-Cookie=None
2025-10-25 18:08:17,081 - INFO - 127.0.0.1 - - [25/Oct/2025 18:08:17] "GET /login HTTP/1.1" 200 -
2025-10-25 18:08:17,104 - INFO - [DEBUG COOKIE] Cookie header: access_token=eyJhbGciOiJIUzI1NiIsInR5cCI6IkpXVCJ9.eyJzdWIiOjEsImlhdCI6MTc2MTM5MDM1MSwiZXhwIjoxNzYxMzkyMTUxfQ.owrPQJNH9GQp6UZi2eizGOAZ2_rselkVws2jODSFUJg; session=eyJ1c2VyX2lkIjoxfQ.aPyvDw.6seoxeNPBBPZFBKQKf5Im3a3T24
2025-10-25 18:08:17,105 - INFO - [AFTER RESPONSE] Set-Cookie=None
2025-10-25 18:08:17,105 - INFO - 127.0.0.1 - - [25/Oct/2025 18:08:17] "[33mGET /.well-known/appspecific/com.chrome.devtools.json HTTP/1.1[0m" 404 -
2025-10-25 18:08:17,765 - INFO - [DEBUG COOKIE] Cookie header: access_token=eyJhbGciOiJIUzI1NiIsInR5cCI6IkpXVCJ9.eyJzdWIiOjEsImlhdCI6MTc2MTM5MDM1MSwiZXhwIjoxNzYxMzkyMTUxfQ.owrPQJNH9GQp6UZi2eizGOAZ2_rselkVws2jODSFUJg; session=eyJ1c2VyX2lkIjoxfQ.aPyvDw.6seoxeNPBBPZFBKQKf5Im3a3T24
2025-10-25 18:08:17,766 - INFO - [AFTER RESPONSE] Set-Cookie=None
2025-10-25 18:08:17,767 - INFO - 127.0.0.1 - - [25/Oct/2025 18:08:17] "GET /login HTTP/1.1" 200 -
2025-10-25 18:08:17,794 - INFO - [DEBUG COOKIE] Cookie header: access_token=eyJhbGciOiJIUzI1NiIsInR5cCI6IkpXVCJ9.eyJzdWIiOjEsImlhdCI6MTc2MTM5MDM1MSwiZXhwIjoxNzYxMzkyMTUxfQ.owrPQJNH9GQp6UZi2eizGOAZ2_rselkVws2jODSFUJg; session=eyJ1c2VyX2lkIjoxfQ.aPyvDw.6seoxeNPBBPZFBKQKf5Im3a3T24
2025-10-25 18:08:17,794 - INFO - [AFTER RESPONSE] Set-Cookie=None
2025-10-25 18:08:17,795 - INFO - 127.0.0.1 - - [25/Oct/2025 18:08:17] "[33mGET /.well-known/appspecific/com.chrome.devtools.json HTTP/1.1[0m" 404 -
2025-10-25 18:08:35,488 - INFO - [DEBUG COOKIE] Cookie header: access_token=eyJhbGciOiJIUzI1NiIsInR5cCI6IkpXVCJ9.eyJzdWIiOjEsImlhdCI6MTc2MTM5MDM1MSwiZXhwIjoxNzYxMzkyMTUxfQ.owrPQJNH9GQp6UZi2eizGOAZ2_rselkVws2jODSFUJg; session=eyJ1c2VyX2lkIjoxfQ.aPyvDw.6seoxeNPBBPZFBKQKf5Im3a3T24
2025-10-25 18:08:35,488 - INFO - [AFTER RESPONSE] Set-Cookie=None
2025-10-25 18:08:35,489 - INFO - 127.0.0.1 - - [25/Oct/2025 18:08:35] "[32mGET / HTTP/1.1[0m" 302 -
2025-10-25 18:08:35,492 - INFO - [DEBUG COOKIE] Cookie header: access_token=eyJhbGciOiJIUzI1NiIsInR5cCI6IkpXVCJ9.eyJzdWIiOjEsImlhdCI6MTc2MTM5MDM1MSwiZXhwIjoxNzYxMzkyMTUxfQ.owrPQJNH9GQp6UZi2eizGOAZ2_rselkVws2jODSFUJg; session=eyJ1c2VyX2lkIjoxfQ.aPyvDw.6seoxeNPBBPZFBKQKf5Im3a3T24
2025-10-25 18:08:35,492 - INFO - [AFTER RESPONSE] Set-Cookie=None
2025-10-25 18:08:35,492 - INFO - 127.0.0.1 - - [25/Oct/2025 18:08:35] "GET /login HTTP/1.1" 200 -
2025-10-25 18:08:35,524 - INFO - [DEBUG COOKIE] Cookie header: access_token=eyJhbGciOiJIUzI1NiIsInR5cCI6IkpXVCJ9.eyJzdWIiOjEsImlhdCI6MTc2MTM5MDM1MSwiZXhwIjoxNzYxMzkyMTUxfQ.owrPQJNH9GQp6UZi2eizGOAZ2_rselkVws2jODSFUJg; session=eyJ1c2VyX2lkIjoxfQ.aPyvDw.6seoxeNPBBPZFBKQKf5Im3a3T24
2025-10-25 18:08:35,524 - INFO - [AFTER RESPONSE] Set-Cookie=None
2025-10-25 18:08:35,524 - INFO - 127.0.0.1 - - [25/Oct/2025 18:08:35] "[33mGET /.well-known/appspecific/com.chrome.devtools.json HTTP/1.1[0m" 404 -
2025-10-25 18:08:43,949 - INFO - [DEBUG COOKIE] Cookie header: access_token=eyJhbGciOiJIUzI1NiIsInR5cCI6IkpXVCJ9.eyJzdWIiOjEsImlhdCI6MTc2MTM5MDM1MSwiZXhwIjoxNzYxMzkyMTUxfQ.owrPQJNH9GQp6UZi2eizGOAZ2_rselkVws2jODSFUJg; session=eyJ1c2VyX2lkIjoxfQ.aPyvDw.6seoxeNPBBPZFBKQKf5Im3a3T24
2025-10-25 18:08:43,949 - INFO - [AFTER RESPONSE] Set-Cookie=None
2025-10-25 18:08:43,950 - INFO - 127.0.0.1 - - [25/Oct/2025 18:08:43] "GET /login HTTP/1.1" 200 -
2025-10-25 18:08:43,978 - INFO - [DEBUG COOKIE] Cookie header: access_token=eyJhbGciOiJIUzI1NiIsInR5cCI6IkpXVCJ9.eyJzdWIiOjEsImlhdCI6MTc2MTM5MDM1MSwiZXhwIjoxNzYxMzkyMTUxfQ.owrPQJNH9GQp6UZi2eizGOAZ2_rselkVws2jODSFUJg; session=eyJ1c2VyX2lkIjoxfQ.aPyvDw.6seoxeNPBBPZFBKQKf5Im3a3T24
2025-10-25 18:08:43,979 - INFO - [AFTER RESPONSE] Set-Cookie=None
2025-10-25 18:08:43,980 - INFO - 127.0.0.1 - - [25/Oct/2025 18:08:43] "[33mGET /.well-known/appspecific/com.chrome.devtools.json HTTP/1.1[0m" 404 -
2025-10-25 18:08:51,845 - INFO - [DEBUG COOKIE] Cookie header: access_token=eyJhbGciOiJIUzI1NiIsInR5cCI6IkpXVCJ9.eyJzdWIiOjEsImlhdCI6MTc2MTM5MDM1MSwiZXhwIjoxNzYxMzkyMTUxfQ.owrPQJNH9GQp6UZi2eizGOAZ2_rselkVws2jODSFUJg; session=eyJ1c2VyX2lkIjoxfQ.aPyvDw.6seoxeNPBBPZFBKQKf5Im3a3T24
2025-10-25 18:08:51,845 - INFO - [AFTER RESPONSE] Set-Cookie=None
2025-10-25 18:08:51,845 - INFO - 127.0.0.1 - - [25/Oct/2025 18:08:51] "[32mGET / HTTP/1.1[0m" 302 -
2025-10-25 18:08:51,849 - INFO - [DEBUG COOKIE] Cookie header: access_token=eyJhbGciOiJIUzI1NiIsInR5cCI6IkpXVCJ9.eyJzdWIiOjEsImlhdCI6MTc2MTM5MDM1MSwiZXhwIjoxNzYxMzkyMTUxfQ.owrPQJNH9GQp6UZi2eizGOAZ2_rselkVws2jODSFUJg; session=eyJ1c2VyX2lkIjoxfQ.aPyvDw.6seoxeNPBBPZFBKQKf5Im3a3T24
2025-10-25 18:08:51,849 - INFO - [AFTER RESPONSE] Set-Cookie=None
2025-10-25 18:08:51,849 - INFO - 127.0.0.1 - - [25/Oct/2025 18:08:51] "GET /login HTTP/1.1" 200 -
2025-10-25 18:08:51,874 - INFO - [DEBUG COOKIE] Cookie header: access_token=eyJhbGciOiJIUzI1NiIsInR5cCI6IkpXVCJ9.eyJzdWIiOjEsImlhdCI6MTc2MTM5MDM1MSwiZXhwIjoxNzYxMzkyMTUxfQ.owrPQJNH9GQp6UZi2eizGOAZ2_rselkVws2jODSFUJg; session=eyJ1c2VyX2lkIjoxfQ.aPyvDw.6seoxeNPBBPZFBKQKf5Im3a3T24
2025-10-25 18:08:51,875 - INFO - [AFTER RESPONSE] Set-Cookie=None
2025-10-25 18:08:51,875 - INFO - 127.0.0.1 - - [25/Oct/2025 18:08:51] "[33mGET /.well-known/appspecific/com.chrome.devtools.json HTTP/1.1[0m" 404 -
2025-10-25 18:09:31,939 - INFO - [DEBUG COOKIE] Cookie header: access_token=eyJhbGciOiJIUzI1NiIsInR5cCI6IkpXVCJ9.eyJzdWIiOjEsImlhdCI6MTc2MTM5MDM1MSwiZXhwIjoxNzYxMzkyMTUxfQ.owrPQJNH9GQp6UZi2eizGOAZ2_rselkVws2jODSFUJg; session=eyJ1c2VyX2lkIjoxfQ.aPyvDw.6seoxeNPBBPZFBKQKf5Im3a3T24
2025-10-25 18:09:31,940 - INFO - [AFTER RESPONSE] Set-Cookie=None
2025-10-25 18:09:31,940 - INFO - 127.0.0.1 - - [25/Oct/2025 18:09:31] "[32mGET / HTTP/1.1[0m" 302 -
2025-10-25 18:09:33,964 - INFO - [DEBUG COOKIE] Cookie header: access_token=eyJhbGciOiJIUzI1NiIsInR5cCI6IkpXVCJ9.eyJzdWIiOjEsImlhdCI6MTc2MTM5MDM1MSwiZXhwIjoxNzYxMzkyMTUxfQ.owrPQJNH9GQp6UZi2eizGOAZ2_rselkVws2jODSFUJg; session=eyJ1c2VyX2lkIjoxfQ.aPyvDw.6seoxeNPBBPZFBKQKf5Im3a3T24
2025-10-25 18:09:33,966 - INFO - [AFTER RESPONSE] Set-Cookie=None
2025-10-25 18:09:33,967 - INFO - 127.0.0.1 - - [25/Oct/2025 18:09:33] "GET /login HTTP/1.1" 200 -
2025-10-25 18:09:35,996 - INFO - [DEBUG COOKIE] Cookie header: access_token=eyJhbGciOiJIUzI1NiIsInR5cCI6IkpXVCJ9.eyJzdWIiOjEsImlhdCI6MTc2MTM5MDM1MSwiZXhwIjoxNzYxMzkyMTUxfQ.owrPQJNH9GQp6UZi2eizGOAZ2_rselkVws2jODSFUJg; session=eyJ1c2VyX2lkIjoxfQ.aPyvDw.6seoxeNPBBPZFBKQKf5Im3a3T24
2025-10-25 18:09:35,997 - INFO - [AFTER RESPONSE] Set-Cookie=None
2025-10-25 18:09:35,997 - INFO - 127.0.0.1 - - [25/Oct/2025 18:09:35] "[33mGET /.well-known/appspecific/com.chrome.devtools.json HTTP/1.1[0m" 404 -
2025-10-25 18:13:53,326 - INFO -  * Detected change in 'D:\\Github\\scrapSicyca\\app.py', reloading
2025-10-25 18:13:53,495 - INFO -  * Restarting with stat
